<?xml version="1.0" encoding="UTF-8"?>
<!-- Generated by org.testng.reporters.JUnitReportReporter -->
<testsuite hostname="LAPTOP-MVN1TR0E" failures="0" tests="11" name="com.TestCases.HybridTestCases" time="133.228" errors="0" timestamp="2023-05-26T12:17:41 IST" skipped="1">
  <testcase classname="com.TestCases.HybridTestCases" name="TS1" time="28.511"/>
  <system-out/>
  <testcase classname="com.TestCases.HybridTestCases" name="TS2" time="12.198"/>
  <system-out/>
  <testcase classname="com.TestCases.HybridTestCases" name="TS3" time="19.111"/>
  <system-out/>
  <testcase classname="com.TestCases.HybridTestCases" name="TS4" time="10.002"/>
  <system-out/>
  <testcase classname="com.TestCases.HybridTestCases" name="TS5" time="9.236"/>
  <system-out/>
  <testcase classname="com.TestCases.HybridTestCases" name="TS6" time="6.158"/>
  <system-out/>
  <testcase classname="com.TestCases.HybridTestCases" name="TS7" time="26.853"/>
  <system-out/>
  <testcase classname="com.TestCases.HybridTestCases" name="TS8" time="6.099"/>
  <system-out/>
  <testcase classname="com.TestCases.HybridTestCases" name="TS9" time="6.492"/>
  <system-out/>
  <testcase classname="com.TestCases.HybridTestCases" name="TS10" time="8.568"/>
  <system-out/>
  <testcase classname="com.TestCases.HybridTestCases" name="login">
    <skipped/>
  </testcase> <!-- login -->
  <system-out/>
</testsuite> <!-- com.TestCases.HybridTestCases -->
