<?xml version="1.0" encoding="UTF-8"?>
<!-- Generated by org.testng.reporters.JUnitReportReporter -->
<testsuite hostname="LAPTOP-MVN1TR0E" failures="0" tests="12" name="com.TestCases.HybridTestCases" time="122.526" errors="1" timestamp="2023-05-26T11:52:57 IST" skipped="11">
  <testcase classname="com.TestCases.HybridTestCases" name="TS1" time="0.000">
    <skipped/>
  </testcase> <!-- TS1 -->
  <system-out/>
  <testcase classname="com.TestCases.HybridTestCases" name="setup" time="122.526">
    <error message="The local appium server has not been started. The given Node.js executable: C:\Program Files\nodejs\node.exe Arguments: [C:\Users\harsh\AppData\Roaming\npm\node_modules\appium\build\lib\main.js, --port, 4723, --address, 0.0.0.0] 
Process output: m404[39m [90m1 ms - 211[39m
[38;5;0m[HTTP][0m [90m[39m
[38;5;0m[HTTP][0m [37m--&gt;[39m [37mGET[39m [37m/wd/hub/status[39m
[38;5;0m[HTTP][0m [90m{}[39m
[debug] [38;5;0m[HTTP][0m No route found for /wd/hub/status
[38;5;0m[HTTP][0m [37m&lt;-- GET /wd/hub/status [39m[33m404[39m [90m1 ms - 211[39m
[38;5;0m[HTTP][0m [90m[39m
[38;5;0m[HTTP][0m [37m--&gt;[39m [37mGET[39m [37m/wd/hub/status[39m
[38;5;0m[HTTP][0m [90m{}[39m
[debug] [38;5;0m[HTTP][0m No route found for /wd/hub/status
[38;5;0m[HTTP][0m [37m&lt;-- GET /wd/hub/status [39m[33m404[39m [90m1 ms - 211[39m
[38;5;0m[HTTP][0m [90m[39m
[38;5;0m[HTTP][0m [37m--&gt;[39m [37mGET[39m [37m/wd/hub/status[39m
[38;5;0m[HTTP][0m [90m{}[39m
[debug] [38;5;0m[HTTP][0m No route found for /wd/hub/status
[38;5;0m[HTTP][0m [37m&lt;-- GET /wd/hub/status [39m[33m404[39m [90m2 ms - 211[39m
[38;5;0m[HTTP][0m [90m[39m
[38;5;0m[HTTP][0m [37m--&gt;[39m [37mGET[39m [37m/wd/hub/status[39m
[38;5;0m[HTTP][0m [90m{}[39m
[debug] [38;5;0m[HTTP][0m No route found for /wd/hub/status
[38;5;0m[HTTP][0m [37m&lt;-- GET /wd/hub/status [39m[33m404[39m [90m1 ms - 211[39m
[38;5;0m[HTTP][0m [90m[39m
[38;5;0m[HTTP][0m [37m--&gt;[39m [37mGET[39m [37m/wd/hub/status[39m
[38;5;0m[HTTP][0m [90m{}[39m
[debug] [38;5;0m[HTTP][0m No route found for /wd/hub/status
[38;5;0m[HTTP][0m [37m&lt;-- GET /wd/hub/status [39m[33m404[39m [90m1 ms - 211[39m
[38;5;0m[HTTP][0m [90m[39m
[38;5;0m[HTTP][0m [37m--&gt;[39m [37mGET[39m [37m/wd/hub/status[39m
[38;5;0m[HTTP][0m [90m{}[39m
[debug] [38;5;0m[HTTP][0m No route found for /wd/hub/status
[38;5;0m[HTTP][0m [37m&lt;-- GET /wd/hub/status [39m[33m404[39m [90m1 ms - 211[39m
[38;5;0m[HTTP][0m [90m[39m
[38;5;0m[HTTP][0m [37m--&gt;[39m [37mGET[39m [37m/wd/hub/status[39m
[38;5;0m[HTTP][0m [90m{}[39m
[debug] [38;5;0m[HTTP][0m No route found for /wd/hub/status
[38;5;0m[HTTP][0m [37m&lt;-- GET /wd/hub/status [39m[33m404[39m [90m1 ms - 211[39m
[38;5;0m[HTTP][0m [90m[39m
[38;5;0m[HTTP][0m [37m--&gt;[39m [37mGET[39m [37m/wd/hub/status[39m
[38;5;0m[HTTP][0m [90m{}[39m
[debug] [38;5;0m[HTTP][0m No route found for /wd/hub/status
[38;5;0m[HTTP][0m [37m&lt;-- GET /wd/hub/status [39m[33m404[39m [90m1 ms - 211[39m
[38;5;0m[HTTP][0m [90m[39m
[38;5;0m[HTTP][0m [37m--&gt;[39m [37mGET[39m [37m/wd/hub/status[39m
[38;5;0m[HTTP][0m [90m{}[39m
[debug] [38;5;0m[HTTP][0m No route found for /wd/hub/status
[38;5;0m[HTTP][0m [37m&lt;-- GET /wd/hub/status [39m[33m404[39m [90m1 ms - 211[39m
[38;5;0m[HTTP][0m [90m[39m
[38;5;0m[HTTP][0m [37m--&gt;[39m [37mGET[39m [37m/wd/hub/status[39m
[38;5;0m[HTTP][0m [90m{}[39m
[debug] [38;5;0m[HTTP][0m No route found for /wd/hub/status
[38;5;0m[HTTP][0m [37m&lt;-- GET /wd/hub/status [39m[33m404[39m [90m1 ms - 211[39m
[38;5;0m[HTTP][0m [90m[39m
[38;5;0m[HTTP][0m [37m--&gt;[39m [37mGET[39m [37m/wd/hub/status[39m
[38;5;0m[HTTP][0m [90m{}[39m
[debug] [38;5;0m[HTTP][0m No route found for /wd/hub/status
[38;5;0m[HTTP][0m [37m&lt;-- GET /wd/hub/status [39m[33m404[39m [90m1 ms - 211[39m
[38;5;0m[HTTP][0m [90m[39m
[38;5;0m[HTTP][0m [37m--&gt;[39m [37mGET[39m [37m/wd/hub/status[39m
[38;5;0m[HTTP][0m [90m{}[39m
[debug] [38;5;0m[HTTP][0m No route found for /wd/hub/status
[38;5;0m[HTTP][0m [37m&lt;-- GET /wd/hub/status [39m[33m404[39m [90m2 ms - 211[39m
[38;5;0m[HTTP][0m [90m[39m
[38;5;0m[HTTP][0m [37m--&gt;[39m [37mGET[39m [37m/wd/hub/status[39m
[38;5;0m[HTTP][0m [90m{}[39m
[debug] [38;5;0m[HTTP][0m No route found for /wd/hub/status
[38;5;0m[HTTP][0m [37m&lt;-- GET /wd/hub/status [39m[33m404[39m [90m1 ms - 211[39m
[38;5;0m[HTTP][0m [90m[39m
[38;5;0m[HTTP][0m [37m--&gt;[39m [37mGET[39m [37m/wd/hub/status[39m
[38;5;0m[HTTP][0m [90m{}[39m
[debug] [38;5;0m[HTTP][0m No route found for /wd/hub/status
[38;5;0m[HTTP][0m [37m&lt;-- GET /wd/hub/status [39m[33m404[39m [90m1 ms - 211[39m
[38;5;0m[HTTP][0m [90m[39m
[38;5;0m[HTTP][0m [37m--&gt;[39m [37mGET[39m [37m/wd/hub/status[39m
[38;5;0m[HTTP][0m [90m{}[39m
[debug] [38;5;0m[HTTP][0m No route found for /wd/hub/status
[38;5;0m[HTTP][0m [37m&lt;-- GET /wd/hub/status [39m[33m404[39m [90m1 ms - 211[39m
[38;5;0m[HTTP][0m [90m[39m
[38;5;0m[HTTP][0m [37m--&gt;[39m [37mGET[39m [37m/wd/hub/status[39m
[38;5;0m[HTTP][0m [90m{}[39m
[debug] [38;5;0m[HTTP][0m No route found for /wd/hub/status
[38;5;0m[HTTP][0m [37m&lt;-- GET /wd/hub/status [39m[33m404[39m [90m1 ms - 211[39m
[38;5;0m[HTTP][0m [90m[39m
[38;5;0m[HTTP][0m [37m--&gt;[39m [37mGET[39m [37m/wd/hub/status[39m
[38;5;0m[HTTP][0m [90m{}[39m
[debug] [38;5;0m[HTTP][0m No route found for /wd/hub/status
[38;5;0m[HTTP][0m [37m&lt;-- GET /wd/hub/status [39m[33m404[39m [90m1 ms - 211[39m
[38;5;0m[HTTP][0m [90m[39m
[38;5;0m[HTTP][0m [37m--&gt;[39m [37mGET[39m [37m/wd/hub/status[39m
[38;5;0m[HTTP][0m [90m{}[39m
[debug] [38;5;0m[HTTP][0m No route found for /wd/hub/status
[38;5;0m[HTTP][0m [37m&lt;-- GET /wd/hub/status [39m[33m404[39m [90m1 ms - 211[39m
[38;5;0m[HTTP][0m [90m[39m
[38;5;0m[HTTP][0m [37m--&gt;[39m [37mGET[39m [37m/wd/hub/status[39m
[38;5;0m[HTTP][0m [90m{}[39m
[debug] [38;5;0m[HTTP][0m No route found for /wd/hub/status
[38;5;0m[HTTP][0m [37m&lt;-- GET /wd/hub/status [39m[33m404[39m [90m1 ms - 211[39m
[38;5;0m[HTTP][0m [90m[39m
[38;5;0m[HTTP][0m [37m--&gt;[39m [37mGET[39m [37m/wd/hub/status[39m
[38;5;0m[HTTP][0m [90m{}[39m
[debug] [38;5;0m[HTTP][0m No route found for /wd/hub/status
[38;5;0m[HTTP][0m [37m&lt;-- GET /wd/hub/status [39m[33m404[39m [90m1 ms - 211[39m
[38;5;0m[HTTP][0m [90m[39m
[38;5;0m[HTTP][0m [37m--&gt;[39m [37mGET[39m [37m/wd/hub/status[39m
[38;5;0m[HTTP][0m [90m{}[39m
[debug] [38;5;0m[HTTP][0m No route found for /wd/hub/status
[38;5;0m[HTTP][0m [37m&lt;-- GET /wd/hub/status [39m[33m404[39m [90m1 ms - 211[39m
[38;5;0m[HTTP][0m [90m[39m
[38;5;0m[HTTP][0m [37m--&gt;[39m [37mGET[39m [37m/wd/hub/status[39m
[38;5;0m[HTTP][0m [90m{}[39m
[debug] [38;5;0m[HTTP][0m No route found for /wd/hub/status
[38;5;0m[HTTP][0m [37m&lt;-- GET /wd/hub/status [39m[33m404[39m [90m1 ms - 211[39m
[38;5;0m[HTTP][0m [90m[39m
[38;5;0m[HTTP][0m [37m--&gt;[39m [37mGET[39m [37m/wd/hub/status[39m
[38;5;0m[HTTP][0m [90m{}[39m
[debug] [38;5;0m[HTTP][0m No route found for /wd/hub/status
[38;5;0m[HTTP][0m [37m&lt;-- GET /wd/hub/status [39m[33m404[39m [90m1 ms - 211[39m
[38;5;0m[HTTP][0m [90m[39m
[38;5;0m[HTTP][0m [37m--&gt;[39m [37mGET[39m [37m/wd/hub/status[39m
[38;5;0m[HTTP][0m [90m{}[39m
[debug] [38;5;0m[HTTP][0m No route found for /wd/hub/status
[38;5;0m[HTTP][0m [37m&lt;-- GET /wd/hub/status [39m[33m404[39m [90m1 ms - 211[39m
[38;5;0m[HTTP][0m [90m[39m
[38;5;0m[HTTP][0m [37m--&gt;[39m [37mGET[39m [37m/wd/hub/status[39m
[38;5;0m[HTTP][0m [90m{}[39m
[debug] [38;5;0m[HTTP][0m No route found for /wd/hub/status
[38;5;0m[HTTP][0m [37m&lt;-- GET /wd/hub/status [39m[33m404[39m [90m1 ms - 211[39m
[38;5;0m[HTTP][0m [90m[39m
[38;5;0m[HTTP][0m [37m--&gt;[39m [37mGET[39m [37m/wd/hub/status[39m
[38;5;0m[HTTP][0m [90m{}[39m
[debug] [38;5;0m[HTTP][0m No route found for /wd/hub/status
[38;5;0m[HTTP][0m [37m&lt;-- GET /wd/hub/status [39m[33m404[39m [90m1 ms - 211[39m
[38;5;0m[HTTP][0m [90m[39m
[38;5;0m[HTTP][0m [37m--&gt;[39m [37mGET[39m [37m/wd/hub/status[39m
[38;5;0m[HTTP][0m [90m{}[39m
[debug] [38;5;0m[HTTP][0m No route found for /wd/hub/status
[38;5;0m[HTTP][0m [37m&lt;-- GET /wd/hub/status [39m[33m404[39m [90m1 ms - 211[39m
[38;5;0m[HTTP][0m [90m[39m
[38;5;0m[HTTP][0m [37m--&gt;[39m [37mGET[39m [37m/wd/hub/status[39m
[38;5;0m[HTTP][0m [90m{}[39m
[debug] [38;5;0m[HTTP][0m No route found for /wd/hub/status
[38;5;0m[HTTP][0m [37m&lt;-- GET /wd/hub/status [39m[33m404[39m [90m1 ms - 211[39m
[38;5;0m[HTTP][0m [90m[39m
[38;5;0m[HTTP][0m [37m--&gt;[39m [37mGET[39m [37m/wd/hub/status[39m
[38;5;0m[HTTP][0m [90m{}[39m
[debug] [38;5;0m[HTTP][0m No route found for /wd/hub/status
[38;5;0m[HTTP][0m [37m&lt;-- GET /wd/hub/status [39m[33m404[39m [90m2 ms - 211[39m
[38;5;0m[HTTP][0m [90m[39m
[38;5;0m[HTTP][0m [37m--&gt;[39m [37mGET[39m [37m/wd/hub/status[39m
[38;5;0m[HTTP][0m [90m{}[39m
[debug] [38;5;0m[HTTP][0m No route found for /wd/hub/status
[38;5;0m[HTTP][0m [37m&lt;-- GET /wd/hub/status [39m[33m404[39m [90m1 ms - 211[39m
[38;5;0m[HTTP][0m [90m[39m
[38;5;0m[HTTP][0m [37m--&gt;[39m [37mGET[39m [37m/wd/hub/status[39m
[38;5;0m[HTTP][0m [90m{}[39m
[debug] [38;5;0m[HTTP][0m No route found for /wd/hub/status
[38;5;0m[HTTP][0m [37m&lt;-- GET /wd/hub/status [39m[33m404[39m [90m1 ms - 211[39m
[38;5;0m[HTTP][0m [90m[39m
[38;5;0m[HTTP][0m [37m--&gt;[39m [37mGET[39m [37m/wd/hub/status[39m
[38;5;0m[HTTP][0m [90m{}[39m
[debug] [38;5;0m[HTTP][0m No route found for /wd/hub/status
[38;5;0m[HTTP][0m [37m&lt;-- GET /wd/hub/status [39m[33m404[39m [90m1 ms - 211[39m
[38;5;0m[HTTP][0m [90m[39m
[38;5;0m[HTTP][0m [37m--&gt;[39m [37mGET[39m [37m/wd/hub/status[39m
[38;5;0m[HTTP][0m [90m{}[39m
[debug] [38;5;0m[HTTP][0m No route found for /wd/hub/status
[38;5;0m[HTTP][0m [37m&lt;-- GET /wd/hub/status [39m[33m404[39m [90m1 ms - 211[39m
[38;5;0m[HTTP][0m [90m[39m
[38;5;0m[HTTP][0m [37m--&gt;[39m [37mGET[39m [37m/wd/hub/status[39m
[38;5;0m[HTTP][0m [90m{}[39m
[debug] [38;5;0m[HTTP][0m No route found for /wd/hub/status
[38;5;0m[HTTP][0m [37m&lt;-- GET /wd/hub/status [39m[33m404[39m [90m1 ms - 211[39m
[38;5;0m[HTTP][0m [90m[39m
[38;5;0m[HTTP][0m [37m--&gt;[39m [37mGET[39m [37m/wd/hub/status[39m
[38;5;0m[HTTP][0m [90m{}[39m
[debug] [38;5;0m[HTTP][0m No route found for /wd/hub/status
[38;5;0m[HTTP][0m [37m&lt;-- GET /wd/hub/status [39m[33m404[39m [90m1 ms - 211[39m
[38;5;0m[HTTP][0m [90m[39m
[38;5;0m[HTTP][0m [37m--&gt;[39m [37mGET[39m [37m/wd/hub/status[39m
[38;5;0m[HTTP][0m [90m{}[39m
[debug] [38;5;0m[HTTP][0m No route found for /wd/hub/status
[38;5;0m[HTTP][0m [37m&lt;-- GET /wd/hub/status [39m[33m404[39m [90m1 ms - 211[39m
[38;5;0m[HTTP][0m [90m[39m
[38;5;0m[HTTP][0m [37m--&gt;[39m [37mGET[39m [37m/wd/hub/status[39m
[38;5;0m[HTTP][0m [90m{}[39m
[debug] [38;5;0m[HTTP][0m No route found for /wd/hub/status
[38;5;0m[HTTP][0m [37m&lt;-- GET /wd/hub/status [39m[33m404[39m [90m2 ms - 211[39m
[38;5;0m[HTTP][0m [90m[39m
[38;5;0m[HTTP][0m [37m--&gt;[39m [37mGET[39m [37m/wd/hub/status[39m
[38;5;0m[HTTP][0m [90m{}[39m
[debug] [38;5;0m[HTTP][0m No route found for /wd/hub/status
[38;5;0m[HTTP][0m [37m&lt;-- GET /wd/hub/status [39m[33m404[39m [90m1 ms - 211[39m
[38;5;0m[HTTP][0m [90m[39m
[38;5;0m[HTTP][0m [37m--&gt;[39m [37mGET[39m [37m/wd/hub/status[39m
[38;5;0m[HTTP][0m [90m{}[39m
[debug] [38;5;0m[HTTP][0m No route found for /wd/hub/status
[38;5;0m[HTTP][0m [37m&lt;-- GET /wd/hub/status [39m[33m404[39m [90m1 ms - 211[39m
[38;5;0m[HTTP][0m [90m[39m
[38;5;0m[HTTP][0m [37m--&gt;[39m [37mGET[39m [37m/wd/hub/status[39m
[38;5;0m[HTTP][0m [90m{}[39m
[debug] [38;5;0m[HTTP][0m No route found for /wd/hub/status
[38;5;0m[HTTP][0m [37m&lt;-- GET /wd/hub/status [39m[33m404[39m [90m1 ms - 211[39m
[38;5;0m[HTTP][0m [90m[39m
[38;5;0m[HTTP][0m [37m--&gt;[39m [37mGET[39m [37m/wd/hub/status[39m
[38;5;0m[HTTP][0m [90m{}[39m
[debug] [38;5;0m[HTTP][0m No route found for /wd/hub/status
[38;5;0m[HTTP][0m [37m&lt;-- GET /wd/hub/status [39m[33m404[39m [90m1 ms - 211[39m
[38;5;0m[HTTP][0m [90m[39m
[38;5;0m[HTTP][0m [37m--&gt;[39m [37mGET[39m [37m/wd/hub/status[39m
[38;5;0m[HTTP][0m [90m{}[39m
[debug] [38;5;0m[HTTP][0m No route found for /wd/hub/status
[38;5;0m[HTTP][0m [37m&lt;-- GET /wd/hub/status [39m[33m404[39m [90m1 ms - 211[39m
[38;5;0m[HTTP][0m [90m[39m
[38;5;0m[HTTP][0m [37m--&gt;[39m [37mGET[39m [37m/wd/hub/status[39m
[38;5;0m[HTTP][0m [90m{}[39m
[debug] [38;5;0m[HTTP][0m No route found for /wd/hub/status
[38;5;0m[HTTP][0m [37m&lt;-- GET /wd/hub/status [39m[33m404[39m [90m1 ms - 211[39m
[38;5;0m[HTTP][0m [90m[39m
[38;5;0m[HTTP][0m [37m--&gt;[39m [37mGET[39m [37m/wd/hub/status[39m
[38;5;0m[HTTP][0m [90m{}[39m
[debug] [38;5;0m[HTTP][0m No route found for /wd/hub/status
[38;5;0m[HTTP][0m [37m&lt;-- GET /wd/hub/status [39m[33m404[39m [90m1 ms - 211[39m
[38;5;0m[HTTP][0m [90m[39m
[38;5;0m[HTTP][0m [37m--&gt;[39m [37mGET[39m [37m/wd/hub/status[39m
[38;5;0m[HTTP][0m [90m{}[39m
[debug] [38;5;0m[HTTP][0m No route found for /wd/hub/status
[38;5;0m[HTTP][0m [37m&lt;-- GET /wd/hub/status [39m[33m404[39m [90m2 ms - 211[39m
[38;5;0m[HTTP][0m [90m[39m
[38;5;0m[HTTP][0m [37m--&gt;[39m [37mGET[39m [37m/wd/hub/status[39m
[38;5;0m[HTTP][0m [90m{}[39m
[debug] [38;5;0m[HTTP][0m No route found for /wd/hub/status
[38;5;0m[HTTP][0m [37m&lt;-- GET /wd/hub/status [39m[33m404[39m [90m1 ms - 211[39m
[38;5;0m[HTTP][0m [90m[39m
[38;5;0m[HTTP][0m [37m--&gt;[39m [37mGET[39m [37m/wd/hub/status[39m
[38;5;0m[HTTP][0m [90m{}[39m
[debug] [38;5;0m[HTTP][0m No route found for /wd/hub/status
[38;5;0m[HTTP][0m [37m&lt;-- GET /wd/hub/status [39m[33m404[39m [90m1 ms - 211[39m
[38;5;0m[HTTP][0m [90m[39m
[38;5;0m[HTTP][0m [37m--&gt;[39m [37mGET[39m [37m/wd/hub/status[39m
[38;5;0m[HTTP][0m [90m{}[39m
[debug] [38;5;0m[HTTP][0m No route found for /wd/hub/status
[38;5;0m[HTTP][0m [37m&lt;-- GET /wd/hub/status [39m[33m404[39m [90m1 ms - 211[39m
[38;5;0m[HTTP][0m [90m[39m
[38;5;0m[HTTP][0m [37m--&gt;[39m [37mGET[39m [37m/wd/hub/status[39m
[38;5;0m[HTTP][0m [90m{}[39m
[debug] [38;5;0m[HTTP][0m No route found for /wd/hub/status
[38;5;0m[HTTP][0m [37m&lt;-- GET /wd/hub/status [39m[33m404[39m [90m1 ms - 211[39m
[38;5;0m[HTTP][0m [90m[39m
[38;5;0m[HTTP][0m [37m--&gt;[39m [37mGET[39m [37m/wd/hub/status[39m
[38;5;0m[HTTP][0m [90m{}[39m
[debug] [38;5;0m[HTTP][0m No route found for /wd/hub/status
[38;5;0m[HTTP][0m [37m&lt;-- GET /wd/hub/status [39m[33m404[39m [90m2 ms - 211[39m
[38;5;0m[HTTP][0m [90m[39m
[38;5;0m[HTTP][0m [37m--&gt;[39m [37mGET[39m [37m/wd/hub/status[39m
[38;5;0m[HTTP][0m [90m{}[39m
[debug] [38;5;0m[HTTP][0m No route found for /wd/hub/status
[38;5;0m[HTTP][0m [37m&lt;-- GET /wd/hub/status [39m[33m404[39m [90m1 ms - 211[39m
[38;5;0m[HTTP][0m [90m[39m
[38;5;0m[HTTP][0m [37m--&gt;[39m [37mGET[39m [37m/wd/hub/status[39m
[38;5;0m[HTTP][0m [90m{}[39m
[debug] [38;5;0m[HTTP][0m No route found for /wd/hub/status
[38;5;0m[HTTP][0m [37m&lt;-- GET /wd/hub/status [39m[33m404[39m [90m1 ms - 211[39m
[38;5;0m[HTTP][0m [90m[39m
[38;5;0m[HTTP][0m [37m--&gt;[39m [37mGET[39m [37m/wd/hub/status[39m
[38;5;0m[HTTP][0m [90m{}[39m
[debug] [38;5;0m[HTTP][0m No route found for /wd/hub/status
[38;5;0m[HTTP][0m [37m&lt;-- GET /wd/hub/status [39m[33m404[39m [90m1 ms - 211[39m
[38;5;0m[HTTP][0m [90m[39m
[38;5;0m[HTTP][0m [37m--&gt;[39m [37mGET[39m [37m/wd/hub/status[39m
[38;5;0m[HTTP][0m [90m{}[39m
[debug] [38;5;0m[HTTP][0m No route found for /wd/hub/status
[38;5;0m[HTTP][0m [37m&lt;-- GET /wd/hub/status [39m[33m404[39m [90m2 ms - 211[39m
[38;5;0m[HTTP][0m [90m[39m
[38;5;0m[HTTP][0m [37m--&gt;[39m [37mGET[39m [37m/wd/hub/status[39m
[38;5;0m[HTTP][0m [90m{}[39m
[debug] [38;5;0m[HTTP][0m No route found for /wd/hub/status
[38;5;0m[HTTP][0m [37m&lt;-- GET /wd/hub/status [39m[33m404[39m [90m1 ms - 211[39m
[38;5;0m[HTTP][0m [90m[39m
[38;5;0m[HTTP][0m [37m--&gt;[39m [37mGET[39m [37m/wd/hub/status[39m
[38;5;0m[HTTP][0m [90m{}[39m
[debug] [38;5;0m[HTTP][0m No route found for /wd/hub/status
[38;5;0m[HTTP][0m [37m&lt;-- GET /wd/hub/status [39m[33m404[39m [90m1 ms - 211[39m
[38;5;0m[HTTP][0m [90m[39m
[38;5;0m[HTTP][0m [37m--&gt;[39m [37mGET[39m [37m/wd/hub/status[39m
[38;5;0m[HTTP][0m [90m{}[39m
[debug] [38;5;0m[HTTP][0m No route found for /wd/hub/status
[38;5;0m[HTTP][0m [37m&lt;-- GET /wd/hub/status [39m[33m404[39m [90m1 ms - 211[39m
[38;5;0m[HTTP][0m [90m[39m
[38;5;0m[HTTP][0m [37m--&gt;[39m [37mGET[39m [37m/wd/hub/status[39m
[38;5;0m[HTTP][0m [90m{}[39m
[debug] [38;5;0m[HTTP][0m No route found for /wd/hub/status
[38;5;0m[HTTP][0m [37m&lt;-- GET /wd/hub/status [39m[33m404[39m [90m1 ms - 211[39m
[38;5;0m[HTTP][0m [90m[39m
[38;5;0m[HTTP][0m [37m--&gt;[39m [37mGET[39m [37m/wd/hub/status[39m
[38;5;0m[HTTP][0m [90m{}[39m
[debug] [38;5;0m[HTTP][0m No route found for /wd/hub/status
[38;5;0m[HTTP][0m [37m&lt;-- GET /wd/hub/status [39m[33m404[39m [90m1 ms - 211[39m
[38;5;0m[HTTP][0m [90m[39m
[38;5;0m[HTTP][0m [37m--&gt;[39m [37mGET[39m [37m/wd/hub/status[39m
[38;5;0m[HTTP][0m [90m{}[39m
[debug] [38;5;0m[HTTP][0m No route found for /wd/hub/status
[38;5;0m[HTTP][0m [37m&lt;-- GET /wd/hub/status [39m[33m404[39m [90m1 ms - 211[39m
[38;5;0m[HTTP][0m [90m[39m
[38;5;0m[HTTP][0m [37m--&gt;[39m [37mGET[39m [37m/wd/hub/status[39m
[38;5;0m[HTTP][0m [90m{}[39m
[debug] [38;5;0m[HTTP][0m No route found for /wd/hub/status
[38;5;0m[HTTP][0m [37m&lt;-- GET /wd/hub/status [39m[33m404[39m [90m1 ms - 211[39m
[38;5;0m[HTTP][0m [90m[39m
[38;5;0m[HTTP][0m [37m--&gt;[39m [37mGET[39m [37m/wd/hub/status[39m
[38;5;0m[HTTP][0m [90m{}[39m
[debug] [38;5;0m[HTTP][0m No route found for /wd/hub/status
[38;5;0m[HTTP][0m [37m&lt;-- GET /wd/hub/status [39m[33m404[39m [90m1 ms - 211[39m
[38;5;0m[HTTP][0m [90m[39m
[38;5;0m[HTTP][0m [37m--&gt;[39m [37mGET[39m [37m/wd/hub/status[39m
[38;5;0m[HTTP][0m [90m{}[39m
[debug] [38;5;0m[HTTP][0m No route found for /wd/hub/status
[38;5;0m[HTTP][0m [37m&lt;-- GET /wd/hub/status [39m[33m404[39m [90m1 ms - 211[39m
[38;5;0m[HTTP][0m [90m[39m
[38;5;0m[HTTP][0m [37m--&gt;[39m [37mGET[39m [37m/wd/hub/status[39m
[38;5;0m[HTTP][0m [90m{}[39m
[debug] [38;5;0m[HTTP][0m No route found for /wd/hub/status
[38;5;0m[HTTP][0m [37m&lt;-- GET /wd/hub/status [39m[33m404[39m [90m1 ms - 211[39m
[38;5;0m[HTTP][0m [90m[39m
[38;5;0m[HTTP][0m [37m--&gt;[39m [37mGET[39m [37m/wd/hub/status[39m
[38;5;0m[HTTP][0m [90m{}[39m
[debug] [38;5;0m[HTTP][0m No route found for /wd/hub/status
[38;5;0m[HTTP][0m [37m&lt;-- GET /wd/hub/status [39m[33m404[39m [90m1 ms - 211[39m
[38;5;0m[HTTP][0m [90m[39m
[38;5;0m[HTTP][0m [37m--&gt;[39m [37mGET[39m [37m/wd/hub/status[39m
[38;5;0m[HTTP][0m [90m{}[39m
[debug] [38;5;0m[HTTP][0m No route found for /wd/hub/status
[38;5;0m[HTTP][0m [37m&lt;-- GET /wd/hub/status [39m[33m404[39m [90m1 ms - 211[39m
[38;5;0m[HTTP][0m [90m[39m
[38;5;0m[HTTP][0m [37m--&gt;[39m [37mGET[39m [37m/wd/hub/status[39m
[38;5;0m[HTTP][0m [90m{}[39m
[debug] [38;5;0m[HTTP][0m No route found for /wd/hub/status
[38;5;0m[HTTP][0m [37m&lt;-- GET /wd/hub/status [39m[33m404[39m [90m1 ms - 211[39m
[38;5;0m[HTTP][0m [90m[39m
[38;5;0m[HTTP][0m [37m--&gt;[39m [37mGET[39m [37m/wd/hub/status[39m
[38;5;0m[HTTP][0m [90m{}[39m
[debug] [38;5;0m[HTTP][0m No route found for /wd/hub/status
[38;5;0m[HTTP][0m [37m&lt;-- GET /wd/hub/status [39m[33m404[39m [90m1 ms - 211[39m
[38;5;0m[HTTP][0m [90m[39m
[38;5;0m[HTTP][0m [37m--&gt;[39m [37mGET[39m [37m/wd/hub/status[39m
[38;5;0m[HTTP][0m [90m{}[39m
[debug] [38;5;0m[HTTP][0m No route found for /wd/hub/status
[38;5;0m[HTTP][0m [37m&lt;-- GET /wd/hub/status [39m[33m404[39m [90m1 ms - 211[39m
[38;5;0m[HTTP][0m [90m[39m
[38;5;0m[HTTP][0m [37m--&gt;[39m [37mGET[39m [37m/wd/hub/status[39m
[38;5;0m[HTTP][0m [90m{}[39m
[debug] [38;5;0m[HTTP][0m No route found for /wd/hub/status
[38;5;0m[HTTP][0m [37m&lt;-- GET /wd/hub/status [39m[33m404[39m [90m1 ms - 211[39m
[38;5;0m[HTTP][0m [90m[39m
[38;5;0m[HTTP][0m [37m--&gt;[39m [37mGET[39m [37m/wd/hub/status[39m
[38;5;0m[HTTP][0m [90m{}[39m
[debug] [38;5;0m[HTTP][0m No route found for /wd/hub/status
[38;5;0m[HTTP][0m [37m&lt;-- GET /wd/hub/status [39m[33m404[39m [90m1 ms - 211[39m
[38;5;0m[HTTP][0m [90m[39m
[38;5;0m[HTTP][0m [37m--&gt;[39m [37mGET[39m [37m/wd/hub/status[39m
[38;5;0m[HTTP][0m [90m{}[39m
[debug] [38;5;0m[HTTP][0m No route found for /wd/hub/status
[38;5;0m[HTTP][0m [37m&lt;-- GET /wd/hub/status [39m[33m404[39m [90m1 ms - 211[39m
[38;5;0m[HTTP][0m [90m[39m
[38;5;0m[HTTP][0m [37m--&gt;[39m [37mGET[39m [37m/wd/hub/status[39m
[38;5;0m[HTTP][0m [90m{}[39m
[debug] [38;5;0m[HTTP][0m No route found for /wd/hub/status
[38;5;0m[HTTP][0m [37m&lt;-- GET /wd/hub/status [39m[33m404[39m [90m1 ms - 211[39m
[38;5;0m[HTTP][0m [90m[39m
[38;5;0m[HTTP][0m [37m--&gt;[39m [37mGET[39m [37m/wd/hub/status[39m
[38;5;0m[HTTP][0m [90m{}[39m
[debug] [38;5;0m[HTTP][0m No route found for /wd/hub/status
[38;5;0m[HTTP][0m [37m&lt;-- GET /wd/hub/status [39m[33m404[39m [90m2 ms - 211[39m
[38;5;0m[HTTP][0m [90m[39m
[38;5;0m[HTTP][0m [37m--&gt;[39m [37mGET[39m [37m/wd/hub/status[39m
[38;5;0m[HTTP][0m [90m{}[39m
[debug] [38;5;0m[HTTP][0m No route found for /wd/hub/status
[38;5;0m[HTTP][0m [37m&lt;-- GET /wd/hub/status [39m[33m404[39m [90m1 ms - 211[39m
[38;5;0m[HTTP][0m [90m[39m
[38;5;0m[HTTP][0m [37m--&gt;[39m [37mGET[39m [37m/wd/hub/status[39m
[38;5;0m[HTTP][0m [90m{}[39m
[debug] [38;5;0m[HTTP][0m No route found for /wd/hub/status
[38;5;0m[HTTP][0m [37m&lt;-- GET /wd/hub/status [39m[33m404[39m [90m1 ms - 211[39m
[38;5;0m[HTTP][0m [90m[39m
[38;5;0m[HTTP][0m [37m--&gt;[39m [37mGET[39m [37m/wd/hub/status[39m
[38;5;0m[HTTP][0m [90m{}[39m
[debug] [38;5;0m[HTTP][0m No route found for /wd/hub/status
[38;5;0m[HTTP][0m [37m&lt;-- GET /wd/hub/status [39m[33m404[39m [90m1 ms - 211[39m
[38;5;0m[HTTP][0m [90m[39m
[38;5;0m[HTTP][0m [37m--&gt;[39m [37mGET[39m [37m/wd/hub/status[39m
[38;5;0m[HTTP][0m [90m{}[39m
[debug] [38;5;0m[HTTP][0m No route found for /wd/hub/status
[38;5;0m[HTTP][0m [37m&lt;-- GET /wd/hub/status [39m[33m404[39m [90m2 ms - 211[39m
[38;5;0m[HTTP][0m [90m[39m
[38;5;0m[HTTP][0m [37m--&gt;[39m [37mGET[39m [37m/wd/hub/status[39m
[38;5;0m[HTTP][0m [90m{}[39m
[debug] [38;5;0m[HTTP][0m No route found for /wd/hub/status
[38;5;0m[HTTP][0m [37m&lt;-- GET /wd/hub/status [39m[33m404[39m [90m1 ms - 211[39m
[38;5;0m[HTTP][0m [90m[39m
[38;5;0m[HTTP][0m [37m--&gt;[39m [37mGET[39m [37m/wd/hub/status[39m
[38;5;0m[HTTP][0m [90m{}[39m
[debug] [38;5;0m[HTTP][0m No route found for /wd/hub/status
[38;5;0m[HTTP][0m [37m&lt;-- GET /wd/hub/status [39m[33m404[39m [90m1 ms - 211[39m
[38;5;0m[HTTP][0m [90m[39m
[38;5;0m[HTTP][0m [37m--&gt;[39m [37mGET[39m [37m/wd/hub/status[39m
[38;5;0m[HTTP][0m [90m{}[39m
[debug] [38;5;0m[HTTP][0m No route found for /wd/hub/status
[38;5;0m[HTTP][0m [37m&lt;-- GET /wd/hub/status [39m[33m404[39m [90m1 ms - 211[39m
[38;5;0m[HTTP][0m [90m[39m
[38;5;0m[HTTP][0m [37m--&gt;[39m [37mGET[39m [37m/wd/hub/status[39m
[38;5;0m[HTTP][0m [90m{}[39m
[debug] [38;5;0m[HTTP][0m No route found for /wd/hub/status
[38;5;0m[HTTP][0m [37m&lt;-- GET /wd/hub/status [39m[33m404[39m [90m1 ms - 211[39m
[38;5;0m[HTTP][0m [90m[39m
[38;5;0m[HTTP][0m [37m--&gt;[39m [37mGET[39m [37m/wd/hub/status[39m
[38;5;0m[HTTP][0m [90m{}[39m
[debug] [38;5;0m[HTTP][0m No route found for /wd/hub/status
[38;5;0m[HTTP][0m [37m&lt;-- GET /wd/hub/status [39m[33m404[39m [90m1 ms - 211[39m
[38;5;0m[HTTP][0m [90m[39m
[38;5;0m[HTTP][0m [37m--&gt;[39m [37mGET[39m [37m/wd/hub/status[39m
[38;5;0m[HTTP][0m [90m{}[39m
[debug] [38;5;0m[HTTP][0m No route found for /wd/hub/status
[38;5;0m[HTTP][0m [37m&lt;-- GET /wd/hub/status [39m[33m404[39m [90m1 ms - 211[39m
[38;5;0m[HTTP][0m [90m[39m
[38;5;0m[HTTP][0m [37m--&gt;[39m [37mGET[39m [37m/wd/hub/status[39m
[38;5;0m[HTTP][0m [90m{}[39m
[debug] [38;5;0m[HTTP][0m No route found for /wd/hub/status
[38;5;0m[HTTP][0m [37m&lt;-- GET /wd/hub/status [39m[33m404[39m [90m1 ms - 211[39m
[38;5;0m[HTTP][0m [90m[39m
[38;5;0m[HTTP][0m [37m--&gt;[39m [37mGET[39m [37m/wd/hub/status[39m
[38;5;0m[HTTP][0m [90m{}[39m
[debug] [38;5;0m[HTTP][0m No route found for /wd/hub/status
[38;5;0m[HTTP][0m [37m&lt;-- GET /wd/hub/status [39m[33m404[39m [90m1 ms - 211[39m
[38;5;0m[HTTP][0m [90m[39m
[38;5;0m[HTTP][0m [37m--&gt;[39m [37mGET[39m [37m/wd/hub/status[39m
[38;5;0m[HTTP][0m [90m{}[39m
[debug] [38;5;0m[HTTP][0m No route found for /wd/hub/status
[38;5;0m[HTTP][0m [37m&lt;-- GET /wd/hub/status [39m[33m404[39m [90m1 ms - 211[39m
[38;5;0m[HTTP][0m [90m[39m
[38;5;0m[HTTP][0m [37m--&gt;[39m [37mGET[39m [37m/wd/hub/status[39m
[38;5;0m[HTTP][0m [90m{}[39m
[debug] [38;5;0m[HTTP][0m No route found for /wd/hub/status
[38;5;0m[HTTP][0m [37m&lt;-- GET /wd/hub/status [39m[33m404[39m [90m1 ms - 211[39m
[38;5;0m[HTTP][0m [90m[39m
[38;5;0m[HTTP][0m [37m--&gt;[39m [37mGET[39m [37m/wd/hub/status[39m
[38;5;0m[HTTP][0m [90m{}[39m
[debug] [38;5;0m[HTTP][0m No route found for /wd/hub/status
[38;5;0m[HTTP][0m [37m&lt;-- GET /wd/hub/status [39m[33m404[39m [90m1 ms - 211[39m
[38;5;0m[HTTP][0m [90m[39m
[38;5;0m[HTTP][0m [37m--&gt;[39m [37mGET[39m [37m/wd/hub/status[39m
[38;5;0m[HTTP][0m [90m{}[39m
[debug] [38;5;0m[HTTP][0m No route found for /wd/hub/status
[38;5;0m[HTTP][0m [37m&lt;-- GET /wd/hub/status [39m[33m404[39m [90m1 ms - 211[39m
[38;5;0m[HTTP][0m [90m[39m
[38;5;0m[HTTP][0m [37m--&gt;[39m [37mGET[39m [37m/wd/hub/status[39m
[38;5;0m[HTTP][0m [90m{}[39m
[debug] [38;5;0m[HTTP][0m No route found for /wd/hub/status
[38;5;0m[HTTP][0m [37m&lt;-- GET /wd/hub/status [39m[33m404[39m [90m1 ms - 211[39m
[38;5;0m[HTTP][0m [90m[39m
[38;5;0m[HTTP][0m [37m--&gt;[39m [37mGET[39m [37m/wd/hub/status[39m
[38;5;0m[HTTP][0m [90m{}[39m
[debug] [38;5;0m[HTTP][0m No route found for /wd/hub/status
[38;5;0m[HTTP][0m [37m&lt;-- GET /wd/hub/status [39m[33m404[39m [90m2 ms - 211[39m
[38;5;0m[HTTP][0m [90m[39m
[38;5;0m[HTTP][0m [37m--&gt;[39m [37mGET[39m [37m/wd/hub/status[39m
[38;5;0m[HTTP][0m [90m{}[39m
[debug] [38;5;0m[HTTP][0m No route found for /wd/hub/status
[38;5;0m[HTTP][0m [37m&lt;-- GET /wd/hub/status [39m[33m404[39m [90m1 ms - 211[39m
[38;5;0m[HTTP][0m [90m[39m
[38;5;0m[HTTP][0m [37m--&gt;[39m [37mGET[39m [37m/wd/hub/status[39m
[38;5;0m[HTTP][0m [90m{}[39m
[debug] [38;5;0m[HTTP][0m No route found for /wd/hub/status
[38;5;0m[HTTP][0m [37m&lt;-- GET /wd/hub/status [39m[33m404[39m [90m1 ms - 211[39m
[38;5;0m[HTTP][0m [90m[39m
[38;5;0m[HTTP][0m [37m--&gt;[39m [37mGET[39m [37m/wd/hub/status[39m
[38;5;0m[HTTP][0m [90m{}[39m
[debug] [38;5;0m[HTTP][0m No route found for /wd/hub/status
[38;5;0m[HTTP][0m [37m&lt;-- GET /wd/hub/status [39m[33m404[39m [90m1 ms - 211[39m
[38;5;0m[HTTP][0m [90m[39m
[38;5;0m[HTTP][0m [37m--&gt;[39m [37mGET[39m [37m/wd/hub/status[39m
[38;5;0m[HTTP][0m [90m{}[39m
[debug] [38;5;0m[HTTP][0m No route found for /wd/hub/status
[38;5;0m[HTTP][0m [37m&lt;-- GET /wd/hub/status [39m[33m404[39m [90m2 ms - 211[39m
[38;5;0m[HTTP][0m [90m[39m
[38;5;0m[HTTP][0m [37m--&gt;[39m [37mGET[39m [37m/wd/hub/status[39m
[38;5;0m[HTTP][0m [90m{}[39m
[debug] [38;5;0m[HTTP][0m No route found for /wd/hub/status
[38;5;0m[HTTP][0m [37m&lt;-- GET /wd/hub/status [39m[33m404[39m [90m1 ms - 211[39m
[38;5;0m[HTTP][0m [90m[39m
[38;5;0m[HTTP][0m [37m--&gt;[39m [37mGET[39m [37m/wd/hub/status[39m
[38;5;0m[HTTP][0m [90m{}[39m
[debug] [38;5;0m[HTTP][0m No route found for /wd/hub/status
[38;5;0m[HTTP][0m [37m&lt;-- GET /wd/hub/status [39m[33m404[39m [90m1 ms - 211[39m
[38;5;0m[HTTP][0m [90m[39m
[38;5;0m[HTTP][0m [37m--&gt;[39m [37mGET[39m [37m/wd/hub/status[39m
[38;5;0m[HTTP][0m [90m{}[39m
[debug] [38;5;0m[HTTP][0m No route found for /wd/hub/status
[38;5;0m[HTTP][0m [37m&lt;-- GET /wd/hub/status [39m[33m404[39m [90m1 ms - 211[39m
[38;5;0m[HTTP][0m [90m[39m
[38;5;0m[HTTP][0m [37m--&gt;[39m [37mGET[39m [37m/wd/hub/status[39m
[38;5;0m[HTTP][0m [90m{}[39m
[debug] [38;5;0m[HTTP][0m No route found for /wd/hub/status
[38;5;0m[HTTP][0m [37m&lt;-- GET /wd/hub/status [39m[33m404[39m [90m1 ms - 211[39m
[38;5;0m[HTTP][0m [90m[39m
[38;5;0m[HTTP][0m [37m--&gt;[39m [37mGET[39m [37m/wd/hub/status[39m
[38;5;0m[HTTP][0m [90m{}[39m
[debug] [38;5;0m[HTTP][0m No route found for /wd/hub/status
[38;5;0m[HTTP][0m [37m&lt;-- GET /wd/hub/status [39m[33m404[39m [90m1 ms - 211[39m
[38;5;0m[HTTP][0m [90m[39m
[38;5;0m[HTTP][0m [37m--&gt;[39m [37mGET[39m [37m/wd/hub/status[39m
[38;5;0m[HTTP][0m [90m{}[39m
[debug] [38;5;0m[HTTP][0m No route found for /wd/hub/status
[38;5;0m[HTTP][0m [37m&lt;-- GET /wd/hub/status [39m[33m404[39m [90m1 ms - 211[39m
[38;5;0m[HTTP][0m [90m[39m
[38;5;0m[HTTP][0m [37m--&gt;[39m [37mGET[39m [37m/wd/hub/status[39m
[38;5;0m[HTTP][0m [90m{}[39m
[debug] [38;5;0m[HTTP][0m No route found for /wd/hub/status
[38;5;0m[HTTP][0m [37m&lt;-- GET /wd/hub/status [39m[33m404[39m [90m1 ms - 211[39m
[38;5;0m[HTTP][0m [90m[39m
[38;5;0m[HTTP][0m [37m--&gt;[39m [37mGET[39m [37m/wd/hub/status[39m
[38;5;0m[HTTP][0m [90m{}[39m
[debug] [38;5;0m[HTTP][0m No route found for /wd/hub/status
[38;5;0m[HTTP][0m [37m&lt;-- GET /wd/hub/status [39m[33m404[39m [90m1 ms - 211[39m
[38;5;0m[HTTP][0m [90m[39m
[38;5;0m[HTTP][0m [37m--&gt;[39m [37mGET[39m [37m/wd/hub/status[39m
[38;5;0m[HTTP][0m [90m{}[39m
[debug] [38;5;0m[HTTP][0m No route found for /wd/hub/status
[38;5;0m[HTTP][0m [37m&lt;-- GET /wd/hub/status [39m[33m404[39m [90m1 ms - 211[39m
[38;5;0m[HTTP][0m [90m[39m
[38;5;0m[HTTP][0m [37m--&gt;[39m [37mGET[39m [37m/wd/hub/status[39m
[38;5;0m[HTTP][0m [90m{}[39m
[debug] [38;5;0m[HTTP][0m No route found for /wd/hub/status
[38;5;0m[HTTP][0m [37m&lt;-- GET /wd/hub/status [39m[33m404[39m [90m1 ms - 211[39m
[38;5;0m[HTTP][0m [90m[39m
[38;5;0m[HTTP][0m [37m--&gt;[39m [37mGET[39m [37m/wd/hub/status[39m
[38;5;0m[HTTP][0m [90m{}[39m
[debug] [38;5;0m[HTTP][0m No route found for /wd/hub/status
[38;5;0m[HTTP][0m [37m&lt;-- GET /wd/hub/status [39m[33m404[39m [90m1 ms - 211[39m
[38;5;0m[HTTP][0m [90m[39m
[38;5;0m[HTTP][0m [37m--&gt;[39m [37mGET[39m [37m/wd/hub/status[39m
[38;5;0m[HTTP][0m [90m{}[39m
[debug] [38;5;0m[HTTP][0m No route found for /wd/hub/status
[38;5;0m[HTTP][0m [37m&lt;-- GET /wd/hub/status [39m[33m404[39m [90m2 ms - 211[39m
[38;5;0m[HTTP][0m [90m[39m
[38;5;0m[HTTP][0m [37m--&gt;[39m [37mGET[39m [37m/wd/hub/status[39m
[38;5;0m[HTTP][0m [90m{}[39m
[debug] [38;5;0m[HTTP][0m No route found for /wd/hub/status
[38;5;0m[HTTP][0m [37m&lt;-- GET /wd/hub/status [39m[33m404[39m [90m1 ms - 211[39m
[38;5;0m[HTTP][0m [90m[39m
[38;5;0m[HTTP][0m [37m--&gt;[39m [37mGET[39m [37m/wd/hub/status[39m
[38;5;0m[HTTP][0m [90m{}[39m
[debug] [38;5;0m[HTTP][0m No route found for /wd/hub/status
[38;5;0m[HTTP][0m [37m&lt;-- GET /wd/hub/status [39m[33m404[39m [90m1 ms - 211[39m
[38;5;0m[HTTP][0m [90m[39m
[38;5;0m[HTTP][0m [37m--&gt;[39m [37mGET[39m [37m/wd/hub/status[39m
[38;5;0m[HTTP][0m [90m{}[39m
[debug] [38;5;0m[HTTP][0m No route found for /wd/hub/status
[38;5;0m[HTTP][0m [37m&lt;-- GET /wd/hub/status [39m[33m404[39m [90m1 ms - 211[39m
[38;5;0m[HTTP][0m [90m[39m
[38;5;0m[HTTP][0m [37m--&gt;[39m [37mGET[39m [37m/wd/hub/status[39m
[38;5;0m[HTTP][0m [90m{}[39m
[debug] [38;5;0m[HTTP][0m No route found for /wd/hub/status
[38;5;0m[HTTP][0m [37m&lt;-- GET /wd/hub/status [39m[33m404[39m [90m1 ms - 211[39m
[38;5;0m[HTTP][0m [90m[39m

" type="io.appium.java_client.service.local.AppiumServerHasNotBeenStartedLocallyException">
      <![CDATA[io.appium.java_client.service.local.AppiumServerHasNotBeenStartedLocallyException: The local appium server has not been started. The given Node.js executable: C:\Program Files\nodejs\node.exe Arguments: [C:\Users\harsh\AppData\Roaming\npm\node_modules\appium\build\lib\main.js, --port, 4723, --address, 0.0.0.0] 
Process output: m404[39m [90m1 ms - 211[39m
[38;5;0m[HTTP][0m [90m[39m
[38;5;0m[HTTP][0m [37m-->[39m [37mGET[39m [37m/wd/hub/status[39m
[38;5;0m[HTTP][0m [90m{}[39m
[debug] [38;5;0m[HTTP][0m No route found for /wd/hub/status
[38;5;0m[HTTP][0m [37m<-- GET /wd/hub/status [39m[33m404[39m [90m1 ms - 211[39m
[38;5;0m[HTTP][0m [90m[39m
[38;5;0m[HTTP][0m [37m-->[39m [37mGET[39m [37m/wd/hub/status[39m
[38;5;0m[HTTP][0m [90m{}[39m
[debug] [38;5;0m[HTTP][0m No route found for /wd/hub/status
[38;5;0m[HTTP][0m [37m<-- GET /wd/hub/status [39m[33m404[39m [90m1 ms - 211[39m
[38;5;0m[HTTP][0m [90m[39m
[38;5;0m[HTTP][0m [37m-->[39m [37mGET[39m [37m/wd/hub/status[39m
[38;5;0m[HTTP][0m [90m{}[39m
[debug] [38;5;0m[HTTP][0m No route found for /wd/hub/status
[38;5;0m[HTTP][0m [37m<-- GET /wd/hub/status [39m[33m404[39m [90m2 ms - 211[39m
[38;5;0m[HTTP][0m [90m[39m
[38;5;0m[HTTP][0m [37m-->[39m [37mGET[39m [37m/wd/hub/status[39m
[38;5;0m[HTTP][0m [90m{}[39m
[debug] [38;5;0m[HTTP][0m No route found for /wd/hub/status
[38;5;0m[HTTP][0m [37m<-- GET /wd/hub/status [39m[33m404[39m [90m1 ms - 211[39m
[38;5;0m[HTTP][0m [90m[39m
[38;5;0m[HTTP][0m [37m-->[39m [37mGET[39m [37m/wd/hub/status[39m
[38;5;0m[HTTP][0m [90m{}[39m
[debug] [38;5;0m[HTTP][0m No route found for /wd/hub/status
[38;5;0m[HTTP][0m [37m<-- GET /wd/hub/status [39m[33m404[39m [90m1 ms - 211[39m
[38;5;0m[HTTP][0m [90m[39m
[38;5;0m[HTTP][0m [37m-->[39m [37mGET[39m [37m/wd/hub/status[39m
[38;5;0m[HTTP][0m [90m{}[39m
[debug] [38;5;0m[HTTP][0m No route found for /wd/hub/status
[38;5;0m[HTTP][0m [37m<-- GET /wd/hub/status [39m[33m404[39m [90m1 ms - 211[39m
[38;5;0m[HTTP][0m [90m[39m
[38;5;0m[HTTP][0m [37m-->[39m [37mGET[39m [37m/wd/hub/status[39m
[38;5;0m[HTTP][0m [90m{}[39m
[debug] [38;5;0m[HTTP][0m No route found for /wd/hub/status
[38;5;0m[HTTP][0m [37m<-- GET /wd/hub/status [39m[33m404[39m [90m1 ms - 211[39m
[38;5;0m[HTTP][0m [90m[39m
[38;5;0m[HTTP][0m [37m-->[39m [37mGET[39m [37m/wd/hub/status[39m
[38;5;0m[HTTP][0m [90m{}[39m
[debug] [38;5;0m[HTTP][0m No route found for /wd/hub/status
[38;5;0m[HTTP][0m [37m<-- GET /wd/hub/status [39m[33m404[39m [90m1 ms - 211[39m
[38;5;0m[HTTP][0m [90m[39m
[38;5;0m[HTTP][0m [37m-->[39m [37mGET[39m [37m/wd/hub/status[39m
[38;5;0m[HTTP][0m [90m{}[39m
[debug] [38;5;0m[HTTP][0m No route found for /wd/hub/status
[38;5;0m[HTTP][0m [37m<-- GET /wd/hub/status [39m[33m404[39m [90m1 ms - 211[39m
[38;5;0m[HTTP][0m [90m[39m
[38;5;0m[HTTP][0m [37m-->[39m [37mGET[39m [37m/wd/hub/status[39m
[38;5;0m[HTTP][0m [90m{}[39m
[debug] [38;5;0m[HTTP][0m No route found for /wd/hub/status
[38;5;0m[HTTP][0m [37m<-- GET /wd/hub/status [39m[33m404[39m [90m1 ms - 211[39m
[38;5;0m[HTTP][0m [90m[39m
[38;5;0m[HTTP][0m [37m-->[39m [37mGET[39m [37m/wd/hub/status[39m
[38;5;0m[HTTP][0m [90m{}[39m
[debug] [38;5;0m[HTTP][0m No route found for /wd/hub/status
[38;5;0m[HTTP][0m [37m<-- GET /wd/hub/status [39m[33m404[39m [90m1 ms - 211[39m
[38;5;0m[HTTP][0m [90m[39m
[38;5;0m[HTTP][0m [37m-->[39m [37mGET[39m [37m/wd/hub/status[39m
[38;5;0m[HTTP][0m [90m{}[39m
[debug] [38;5;0m[HTTP][0m No route found for /wd/hub/status
[38;5;0m[HTTP][0m [37m<-- GET /wd/hub/status [39m[33m404[39m [90m2 ms - 211[39m
[38;5;0m[HTTP][0m [90m[39m
[38;5;0m[HTTP][0m [37m-->[39m [37mGET[39m [37m/wd/hub/status[39m
[38;5;0m[HTTP][0m [90m{}[39m
[debug] [38;5;0m[HTTP][0m No route found for /wd/hub/status
[38;5;0m[HTTP][0m [37m<-- GET /wd/hub/status [39m[33m404[39m [90m1 ms - 211[39m
[38;5;0m[HTTP][0m [90m[39m
[38;5;0m[HTTP][0m [37m-->[39m [37mGET[39m [37m/wd/hub/status[39m
[38;5;0m[HTTP][0m [90m{}[39m
[debug] [38;5;0m[HTTP][0m No route found for /wd/hub/status
[38;5;0m[HTTP][0m [37m<-- GET /wd/hub/status [39m[33m404[39m [90m1 ms - 211[39m
[38;5;0m[HTTP][0m [90m[39m
[38;5;0m[HTTP][0m [37m-->[39m [37mGET[39m [37m/wd/hub/status[39m
[38;5;0m[HTTP][0m [90m{}[39m
[debug] [38;5;0m[HTTP][0m No route found for /wd/hub/status
[38;5;0m[HTTP][0m [37m<-- GET /wd/hub/status [39m[33m404[39m [90m1 ms - 211[39m
[38;5;0m[HTTP][0m [90m[39m
[38;5;0m[HTTP][0m [37m-->[39m [37mGET[39m [37m/wd/hub/status[39m
[38;5;0m[HTTP][0m [90m{}[39m
[debug] [38;5;0m[HTTP][0m No route found for /wd/hub/status
[38;5;0m[HTTP][0m [37m<-- GET /wd/hub/status [39m[33m404[39m [90m1 ms - 211[39m
[38;5;0m[HTTP][0m [90m[39m
[38;5;0m[HTTP][0m [37m-->[39m [37mGET[39m [37m/wd/hub/status[39m
[38;5;0m[HTTP][0m [90m{}[39m
[debug] [38;5;0m[HTTP][0m No route found for /wd/hub/status
[38;5;0m[HTTP][0m [37m<-- GET /wd/hub/status [39m[33m404[39m [90m1 ms - 211[39m
[38;5;0m[HTTP][0m [90m[39m
[38;5;0m[HTTP][0m [37m-->[39m [37mGET[39m [37m/wd/hub/status[39m
[38;5;0m[HTTP][0m [90m{}[39m
[debug] [38;5;0m[HTTP][0m No route found for /wd/hub/status
[38;5;0m[HTTP][0m [37m<-- GET /wd/hub/status [39m[33m404[39m [90m1 ms - 211[39m
[38;5;0m[HTTP][0m [90m[39m
[38;5;0m[HTTP][0m [37m-->[39m [37mGET[39m [37m/wd/hub/status[39m
[38;5;0m[HTTP][0m [90m{}[39m
[debug] [38;5;0m[HTTP][0m No route found for /wd/hub/status
[38;5;0m[HTTP][0m [37m<-- GET /wd/hub/status [39m[33m404[39m [90m1 ms - 211[39m
[38;5;0m[HTTP][0m [90m[39m
[38;5;0m[HTTP][0m [37m-->[39m [37mGET[39m [37m/wd/hub/status[39m
[38;5;0m[HTTP][0m [90m{}[39m
[debug] [38;5;0m[HTTP][0m No route found for /wd/hub/status
[38;5;0m[HTTP][0m [37m<-- GET /wd/hub/status [39m[33m404[39m [90m1 ms - 211[39m
[38;5;0m[HTTP][0m [90m[39m
[38;5;0m[HTTP][0m [37m-->[39m [37mGET[39m [37m/wd/hub/status[39m
[38;5;0m[HTTP][0m [90m{}[39m
[debug] [38;5;0m[HTTP][0m No route found for /wd/hub/status
[38;5;0m[HTTP][0m [37m<-- GET /wd/hub/status [39m[33m404[39m [90m1 ms - 211[39m
[38;5;0m[HTTP][0m [90m[39m
[38;5;0m[HTTP][0m [37m-->[39m [37mGET[39m [37m/wd/hub/status[39m
[38;5;0m[HTTP][0m [90m{}[39m
[debug] [38;5;0m[HTTP][0m No route found for /wd/hub/status
[38;5;0m[HTTP][0m [37m<-- GET /wd/hub/status [39m[33m404[39m [90m1 ms - 211[39m
[38;5;0m[HTTP][0m [90m[39m
[38;5;0m[HTTP][0m [37m-->[39m [37mGET[39m [37m/wd/hub/status[39m
[38;5;0m[HTTP][0m [90m{}[39m
[debug] [38;5;0m[HTTP][0m No route found for /wd/hub/status
[38;5;0m[HTTP][0m [37m<-- GET /wd/hub/status [39m[33m404[39m [90m1 ms - 211[39m
[38;5;0m[HTTP][0m [90m[39m
[38;5;0m[HTTP][0m [37m-->[39m [37mGET[39m [37m/wd/hub/status[39m
[38;5;0m[HTTP][0m [90m{}[39m
[debug] [38;5;0m[HTTP][0m No route found for /wd/hub/status
[38;5;0m[HTTP][0m [37m<-- GET /wd/hub/status [39m[33m404[39m [90m1 ms - 211[39m
[38;5;0m[HTTP][0m [90m[39m
[38;5;0m[HTTP][0m [37m-->[39m [37mGET[39m [37m/wd/hub/status[39m
[38;5;0m[HTTP][0m [90m{}[39m
[debug] [38;5;0m[HTTP][0m No route found for /wd/hub/status
[38;5;0m[HTTP][0m [37m<-- GET /wd/hub/status [39m[33m404[39m [90m1 ms - 211[39m
[38;5;0m[HTTP][0m [90m[39m
[38;5;0m[HTTP][0m [37m-->[39m [37mGET[39m [37m/wd/hub/status[39m
[38;5;0m[HTTP][0m [90m{}[39m
[debug] [38;5;0m[HTTP][0m No route found for /wd/hub/status
[38;5;0m[HTTP][0m [37m<-- GET /wd/hub/status [39m[33m404[39m [90m1 ms - 211[39m
[38;5;0m[HTTP][0m [90m[39m
[38;5;0m[HTTP][0m [37m-->[39m [37mGET[39m [37m/wd/hub/status[39m
[38;5;0m[HTTP][0m [90m{}[39m
[debug] [38;5;0m[HTTP][0m No route found for /wd/hub/status
[38;5;0m[HTTP][0m [37m<-- GET /wd/hub/status [39m[33m404[39m [90m1 ms - 211[39m
[38;5;0m[HTTP][0m [90m[39m
[38;5;0m[HTTP][0m [37m-->[39m [37mGET[39m [37m/wd/hub/status[39m
[38;5;0m[HTTP][0m [90m{}[39m
[debug] [38;5;0m[HTTP][0m No route found for /wd/hub/status
[38;5;0m[HTTP][0m [37m<-- GET /wd/hub/status [39m[33m404[39m [90m1 ms - 211[39m
[38;5;0m[HTTP][0m [90m[39m
[38;5;0m[HTTP][0m [37m-->[39m [37mGET[39m [37m/wd/hub/status[39m
[38;5;0m[HTTP][0m [90m{}[39m
[debug] [38;5;0m[HTTP][0m No route found for /wd/hub/status
[38;5;0m[HTTP][0m [37m<-- GET /wd/hub/status [39m[33m404[39m [90m2 ms - 211[39m
[38;5;0m[HTTP][0m [90m[39m
[38;5;0m[HTTP][0m [37m-->[39m [37mGET[39m [37m/wd/hub/status[39m
[38;5;0m[HTTP][0m [90m{}[39m
[debug] [38;5;0m[HTTP][0m No route found for /wd/hub/status
[38;5;0m[HTTP][0m [37m<-- GET /wd/hub/status [39m[33m404[39m [90m1 ms - 211[39m
[38;5;0m[HTTP][0m [90m[39m
[38;5;0m[HTTP][0m [37m-->[39m [37mGET[39m [37m/wd/hub/status[39m
[38;5;0m[HTTP][0m [90m{}[39m
[debug] [38;5;0m[HTTP][0m No route found for /wd/hub/status
[38;5;0m[HTTP][0m [37m<-- GET /wd/hub/status [39m[33m404[39m [90m1 ms - 211[39m
[38;5;0m[HTTP][0m [90m[39m
[38;5;0m[HTTP][0m [37m-->[39m [37mGET[39m [37m/wd/hub/status[39m
[38;5;0m[HTTP][0m [90m{}[39m
[debug] [38;5;0m[HTTP][0m No route found for /wd/hub/status
[38;5;0m[HTTP][0m [37m<-- GET /wd/hub/status [39m[33m404[39m [90m1 ms - 211[39m
[38;5;0m[HTTP][0m [90m[39m
[38;5;0m[HTTP][0m [37m-->[39m [37mGET[39m [37m/wd/hub/status[39m
[38;5;0m[HTTP][0m [90m{}[39m
[debug] [38;5;0m[HTTP][0m No route found for /wd/hub/status
[38;5;0m[HTTP][0m [37m<-- GET /wd/hub/status [39m[33m404[39m [90m1 ms - 211[39m
[38;5;0m[HTTP][0m [90m[39m
[38;5;0m[HTTP][0m [37m-->[39m [37mGET[39m [37m/wd/hub/status[39m
[38;5;0m[HTTP][0m [90m{}[39m
[debug] [38;5;0m[HTTP][0m No route found for /wd/hub/status
[38;5;0m[HTTP][0m [37m<-- GET /wd/hub/status [39m[33m404[39m [90m1 ms - 211[39m
[38;5;0m[HTTP][0m [90m[39m
[38;5;0m[HTTP][0m [37m-->[39m [37mGET[39m [37m/wd/hub/status[39m
[38;5;0m[HTTP][0m [90m{}[39m
[debug] [38;5;0m[HTTP][0m No route found for /wd/hub/status
[38;5;0m[HTTP][0m [37m<-- GET /wd/hub/status [39m[33m404[39m [90m1 ms - 211[39m
[38;5;0m[HTTP][0m [90m[39m
[38;5;0m[HTTP][0m [37m-->[39m [37mGET[39m [37m/wd/hub/status[39m
[38;5;0m[HTTP][0m [90m{}[39m
[debug] [38;5;0m[HTTP][0m No route found for /wd/hub/status
[38;5;0m[HTTP][0m [37m<-- GET /wd/hub/status [39m[33m404[39m [90m1 ms - 211[39m
[38;5;0m[HTTP][0m [90m[39m
[38;5;0m[HTTP][0m [37m-->[39m [37mGET[39m [37m/wd/hub/status[39m
[38;5;0m[HTTP][0m [90m{}[39m
[debug] [38;5;0m[HTTP][0m No route found for /wd/hub/status
[38;5;0m[HTTP][0m [37m<-- GET /wd/hub/status [39m[33m404[39m [90m2 ms - 211[39m
[38;5;0m[HTTP][0m [90m[39m
[38;5;0m[HTTP][0m [37m-->[39m [37mGET[39m [37m/wd/hub/status[39m
[38;5;0m[HTTP][0m [90m{}[39m
[debug] [38;5;0m[HTTP][0m No route found for /wd/hub/status
[38;5;0m[HTTP][0m [37m<-- GET /wd/hub/status [39m[33m404[39m [90m1 ms - 211[39m
[38;5;0m[HTTP][0m [90m[39m
[38;5;0m[HTTP][0m [37m-->[39m [37mGET[39m [37m/wd/hub/status[39m
[38;5;0m[HTTP][0m [90m{}[39m
[debug] [38;5;0m[HTTP][0m No route found for /wd/hub/status
[38;5;0m[HTTP][0m [37m<-- GET /wd/hub/status [39m[33m404[39m [90m1 ms - 211[39m
[38;5;0m[HTTP][0m [90m[39m
[38;5;0m[HTTP][0m [37m-->[39m [37mGET[39m [37m/wd/hub/status[39m
[38;5;0m[HTTP][0m [90m{}[39m
[debug] [38;5;0m[HTTP][0m No route found for /wd/hub/status
[38;5;0m[HTTP][0m [37m<-- GET /wd/hub/status [39m[33m404[39m [90m1 ms - 211[39m
[38;5;0m[HTTP][0m [90m[39m
[38;5;0m[HTTP][0m [37m-->[39m [37mGET[39m [37m/wd/hub/status[39m
[38;5;0m[HTTP][0m [90m{}[39m
[debug] [38;5;0m[HTTP][0m No route found for /wd/hub/status
[38;5;0m[HTTP][0m [37m<-- GET /wd/hub/status [39m[33m404[39m [90m1 ms - 211[39m
[38;5;0m[HTTP][0m [90m[39m
[38;5;0m[HTTP][0m [37m-->[39m [37mGET[39m [37m/wd/hub/status[39m
[38;5;0m[HTTP][0m [90m{}[39m
[debug] [38;5;0m[HTTP][0m No route found for /wd/hub/status
[38;5;0m[HTTP][0m [37m<-- GET /wd/hub/status [39m[33m404[39m [90m1 ms - 211[39m
[38;5;0m[HTTP][0m [90m[39m
[38;5;0m[HTTP][0m [37m-->[39m [37mGET[39m [37m/wd/hub/status[39m
[38;5;0m[HTTP][0m [90m{}[39m
[debug] [38;5;0m[HTTP][0m No route found for /wd/hub/status
[38;5;0m[HTTP][0m [37m<-- GET /wd/hub/status [39m[33m404[39m [90m1 ms - 211[39m
[38;5;0m[HTTP][0m [90m[39m
[38;5;0m[HTTP][0m [37m-->[39m [37mGET[39m [37m/wd/hub/status[39m
[38;5;0m[HTTP][0m [90m{}[39m
[debug] [38;5;0m[HTTP][0m No route found for /wd/hub/status
[38;5;0m[HTTP][0m [37m<-- GET /wd/hub/status [39m[33m404[39m [90m1 ms - 211[39m
[38;5;0m[HTTP][0m [90m[39m
[38;5;0m[HTTP][0m [37m-->[39m [37mGET[39m [37m/wd/hub/status[39m
[38;5;0m[HTTP][0m [90m{}[39m
[debug] [38;5;0m[HTTP][0m No route found for /wd/hub/status
[38;5;0m[HTTP][0m [37m<-- GET /wd/hub/status [39m[33m404[39m [90m2 ms - 211[39m
[38;5;0m[HTTP][0m [90m[39m
[38;5;0m[HTTP][0m [37m-->[39m [37mGET[39m [37m/wd/hub/status[39m
[38;5;0m[HTTP][0m [90m{}[39m
[debug] [38;5;0m[HTTP][0m No route found for /wd/hub/status
[38;5;0m[HTTP][0m [37m<-- GET /wd/hub/status [39m[33m404[39m [90m1 ms - 211[39m
[38;5;0m[HTTP][0m [90m[39m
[38;5;0m[HTTP][0m [37m-->[39m [37mGET[39m [37m/wd/hub/status[39m
[38;5;0m[HTTP][0m [90m{}[39m
[debug] [38;5;0m[HTTP][0m No route found for /wd/hub/status
[38;5;0m[HTTP][0m [37m<-- GET /wd/hub/status [39m[33m404[39m [90m1 ms - 211[39m
[38;5;0m[HTTP][0m [90m[39m
[38;5;0m[HTTP][0m [37m-->[39m [37mGET[39m [37m/wd/hub/status[39m
[38;5;0m[HTTP][0m [90m{}[39m
[debug] [38;5;0m[HTTP][0m No route found for /wd/hub/status
[38;5;0m[HTTP][0m [37m<-- GET /wd/hub/status [39m[33m404[39m [90m1 ms - 211[39m
[38;5;0m[HTTP][0m [90m[39m
[38;5;0m[HTTP][0m [37m-->[39m [37mGET[39m [37m/wd/hub/status[39m
[38;5;0m[HTTP][0m [90m{}[39m
[debug] [38;5;0m[HTTP][0m No route found for /wd/hub/status
[38;5;0m[HTTP][0m [37m<-- GET /wd/hub/status [39m[33m404[39m [90m1 ms - 211[39m
[38;5;0m[HTTP][0m [90m[39m
[38;5;0m[HTTP][0m [37m-->[39m [37mGET[39m [37m/wd/hub/status[39m
[38;5;0m[HTTP][0m [90m{}[39m
[debug] [38;5;0m[HTTP][0m No route found for /wd/hub/status
[38;5;0m[HTTP][0m [37m<-- GET /wd/hub/status [39m[33m404[39m [90m2 ms - 211[39m
[38;5;0m[HTTP][0m [90m[39m
[38;5;0m[HTTP][0m [37m-->[39m [37mGET[39m [37m/wd/hub/status[39m
[38;5;0m[HTTP][0m [90m{}[39m
[debug] [38;5;0m[HTTP][0m No route found for /wd/hub/status
[38;5;0m[HTTP][0m [37m<-- GET /wd/hub/status [39m[33m404[39m [90m1 ms - 211[39m
[38;5;0m[HTTP][0m [90m[39m
[38;5;0m[HTTP][0m [37m-->[39m [37mGET[39m [37m/wd/hub/status[39m
[38;5;0m[HTTP][0m [90m{}[39m
[debug] [38;5;0m[HTTP][0m No route found for /wd/hub/status
[38;5;0m[HTTP][0m [37m<-- GET /wd/hub/status [39m[33m404[39m [90m1 ms - 211[39m
[38;5;0m[HTTP][0m [90m[39m
[38;5;0m[HTTP][0m [37m-->[39m [37mGET[39m [37m/wd/hub/status[39m
[38;5;0m[HTTP][0m [90m{}[39m
[debug] [38;5;0m[HTTP][0m No route found for /wd/hub/status
[38;5;0m[HTTP][0m [37m<-- GET /wd/hub/status [39m[33m404[39m [90m1 ms - 211[39m
[38;5;0m[HTTP][0m [90m[39m
[38;5;0m[HTTP][0m [37m-->[39m [37mGET[39m [37m/wd/hub/status[39m
[38;5;0m[HTTP][0m [90m{}[39m
[debug] [38;5;0m[HTTP][0m No route found for /wd/hub/status
[38;5;0m[HTTP][0m [37m<-- GET /wd/hub/status [39m[33m404[39m [90m2 ms - 211[39m
[38;5;0m[HTTP][0m [90m[39m
[38;5;0m[HTTP][0m [37m-->[39m [37mGET[39m [37m/wd/hub/status[39m
[38;5;0m[HTTP][0m [90m{}[39m
[debug] [38;5;0m[HTTP][0m No route found for /wd/hub/status
[38;5;0m[HTTP][0m [37m<-- GET /wd/hub/status [39m[33m404[39m [90m1 ms - 211[39m
[38;5;0m[HTTP][0m [90m[39m
[38;5;0m[HTTP][0m [37m-->[39m [37mGET[39m [37m/wd/hub/status[39m
[38;5;0m[HTTP][0m [90m{}[39m
[debug] [38;5;0m[HTTP][0m No route found for /wd/hub/status
[38;5;0m[HTTP][0m [37m<-- GET /wd/hub/status [39m[33m404[39m [90m1 ms - 211[39m
[38;5;0m[HTTP][0m [90m[39m
[38;5;0m[HTTP][0m [37m-->[39m [37mGET[39m [37m/wd/hub/status[39m
[38;5;0m[HTTP][0m [90m{}[39m
[debug] [38;5;0m[HTTP][0m No route found for /wd/hub/status
[38;5;0m[HTTP][0m [37m<-- GET /wd/hub/status [39m[33m404[39m [90m1 ms - 211[39m
[38;5;0m[HTTP][0m [90m[39m
[38;5;0m[HTTP][0m [37m-->[39m [37mGET[39m [37m/wd/hub/status[39m
[38;5;0m[HTTP][0m [90m{}[39m
[debug] [38;5;0m[HTTP][0m No route found for /wd/hub/status
[38;5;0m[HTTP][0m [37m<-- GET /wd/hub/status [39m[33m404[39m [90m1 ms - 211[39m
[38;5;0m[HTTP][0m [90m[39m
[38;5;0m[HTTP][0m [37m-->[39m [37mGET[39m [37m/wd/hub/status[39m
[38;5;0m[HTTP][0m [90m{}[39m
[debug] [38;5;0m[HTTP][0m No route found for /wd/hub/status
[38;5;0m[HTTP][0m [37m<-- GET /wd/hub/status [39m[33m404[39m [90m1 ms - 211[39m
[38;5;0m[HTTP][0m [90m[39m
[38;5;0m[HTTP][0m [37m-->[39m [37mGET[39m [37m/wd/hub/status[39m
[38;5;0m[HTTP][0m [90m{}[39m
[debug] [38;5;0m[HTTP][0m No route found for /wd/hub/status
[38;5;0m[HTTP][0m [37m<-- GET /wd/hub/status [39m[33m404[39m [90m1 ms - 211[39m
[38;5;0m[HTTP][0m [90m[39m
[38;5;0m[HTTP][0m [37m-->[39m [37mGET[39m [37m/wd/hub/status[39m
[38;5;0m[HTTP][0m [90m{}[39m
[debug] [38;5;0m[HTTP][0m No route found for /wd/hub/status
[38;5;0m[HTTP][0m [37m<-- GET /wd/hub/status [39m[33m404[39m [90m1 ms - 211[39m
[38;5;0m[HTTP][0m [90m[39m
[38;5;0m[HTTP][0m [37m-->[39m [37mGET[39m [37m/wd/hub/status[39m
[38;5;0m[HTTP][0m [90m{}[39m
[debug] [38;5;0m[HTTP][0m No route found for /wd/hub/status
[38;5;0m[HTTP][0m [37m<-- GET /wd/hub/status [39m[33m404[39m [90m1 ms - 211[39m
[38;5;0m[HTTP][0m [90m[39m
[38;5;0m[HTTP][0m [37m-->[39m [37mGET[39m [37m/wd/hub/status[39m
[38;5;0m[HTTP][0m [90m{}[39m
[debug] [38;5;0m[HTTP][0m No route found for /wd/hub/status
[38;5;0m[HTTP][0m [37m<-- GET /wd/hub/status [39m[33m404[39m [90m1 ms - 211[39m
[38;5;0m[HTTP][0m [90m[39m
[38;5;0m[HTTP][0m [37m-->[39m [37mGET[39m [37m/wd/hub/status[39m
[38;5;0m[HTTP][0m [90m{}[39m
[debug] [38;5;0m[HTTP][0m No route found for /wd/hub/status
[38;5;0m[HTTP][0m [37m<-- GET /wd/hub/status [39m[33m404[39m [90m1 ms - 211[39m
[38;5;0m[HTTP][0m [90m[39m
[38;5;0m[HTTP][0m [37m-->[39m [37mGET[39m [37m/wd/hub/status[39m
[38;5;0m[HTTP][0m [90m{}[39m
[debug] [38;5;0m[HTTP][0m No route found for /wd/hub/status
[38;5;0m[HTTP][0m [37m<-- GET /wd/hub/status [39m[33m404[39m [90m1 ms - 211[39m
[38;5;0m[HTTP][0m [90m[39m
[38;5;0m[HTTP][0m [37m-->[39m [37mGET[39m [37m/wd/hub/status[39m
[38;5;0m[HTTP][0m [90m{}[39m
[debug] [38;5;0m[HTTP][0m No route found for /wd/hub/status
[38;5;0m[HTTP][0m [37m<-- GET /wd/hub/status [39m[33m404[39m [90m1 ms - 211[39m
[38;5;0m[HTTP][0m [90m[39m
[38;5;0m[HTTP][0m [37m-->[39m [37mGET[39m [37m/wd/hub/status[39m
[38;5;0m[HTTP][0m [90m{}[39m
[debug] [38;5;0m[HTTP][0m No route found for /wd/hub/status
[38;5;0m[HTTP][0m [37m<-- GET /wd/hub/status [39m[33m404[39m [90m1 ms - 211[39m
[38;5;0m[HTTP][0m [90m[39m
[38;5;0m[HTTP][0m [37m-->[39m [37mGET[39m [37m/wd/hub/status[39m
[38;5;0m[HTTP][0m [90m{}[39m
[debug] [38;5;0m[HTTP][0m No route found for /wd/hub/status
[38;5;0m[HTTP][0m [37m<-- GET /wd/hub/status [39m[33m404[39m [90m1 ms - 211[39m
[38;5;0m[HTTP][0m [90m[39m
[38;5;0m[HTTP][0m [37m-->[39m [37mGET[39m [37m/wd/hub/status[39m
[38;5;0m[HTTP][0m [90m{}[39m
[debug] [38;5;0m[HTTP][0m No route found for /wd/hub/status
[38;5;0m[HTTP][0m [37m<-- GET /wd/hub/status [39m[33m404[39m [90m1 ms - 211[39m
[38;5;0m[HTTP][0m [90m[39m
[38;5;0m[HTTP][0m [37m-->[39m [37mGET[39m [37m/wd/hub/status[39m
[38;5;0m[HTTP][0m [90m{}[39m
[debug] [38;5;0m[HTTP][0m No route found for /wd/hub/status
[38;5;0m[HTTP][0m [37m<-- GET /wd/hub/status [39m[33m404[39m [90m1 ms - 211[39m
[38;5;0m[HTTP][0m [90m[39m
[38;5;0m[HTTP][0m [37m-->[39m [37mGET[39m [37m/wd/hub/status[39m
[38;5;0m[HTTP][0m [90m{}[39m
[debug] [38;5;0m[HTTP][0m No route found for /wd/hub/status
[38;5;0m[HTTP][0m [37m<-- GET /wd/hub/status [39m[33m404[39m [90m1 ms - 211[39m
[38;5;0m[HTTP][0m [90m[39m
[38;5;0m[HTTP][0m [37m-->[39m [37mGET[39m [37m/wd/hub/status[39m
[38;5;0m[HTTP][0m [90m{}[39m
[debug] [38;5;0m[HTTP][0m No route found for /wd/hub/status
[38;5;0m[HTTP][0m [37m<-- GET /wd/hub/status [39m[33m404[39m [90m1 ms - 211[39m
[38;5;0m[HTTP][0m [90m[39m
[38;5;0m[HTTP][0m [37m-->[39m [37mGET[39m [37m/wd/hub/status[39m
[38;5;0m[HTTP][0m [90m{}[39m
[debug] [38;5;0m[HTTP][0m No route found for /wd/hub/status
[38;5;0m[HTTP][0m [37m<-- GET /wd/hub/status [39m[33m404[39m [90m1 ms - 211[39m
[38;5;0m[HTTP][0m [90m[39m
[38;5;0m[HTTP][0m [37m-->[39m [37mGET[39m [37m/wd/hub/status[39m
[38;5;0m[HTTP][0m [90m{}[39m
[debug] [38;5;0m[HTTP][0m No route found for /wd/hub/status
[38;5;0m[HTTP][0m [37m<-- GET /wd/hub/status [39m[33m404[39m [90m2 ms - 211[39m
[38;5;0m[HTTP][0m [90m[39m
[38;5;0m[HTTP][0m [37m-->[39m [37mGET[39m [37m/wd/hub/status[39m
[38;5;0m[HTTP][0m [90m{}[39m
[debug] [38;5;0m[HTTP][0m No route found for /wd/hub/status
[38;5;0m[HTTP][0m [37m<-- GET /wd/hub/status [39m[33m404[39m [90m1 ms - 211[39m
[38;5;0m[HTTP][0m [90m[39m
[38;5;0m[HTTP][0m [37m-->[39m [37mGET[39m [37m/wd/hub/status[39m
[38;5;0m[HTTP][0m [90m{}[39m
[debug] [38;5;0m[HTTP][0m No route found for /wd/hub/status
[38;5;0m[HTTP][0m [37m<-- GET /wd/hub/status [39m[33m404[39m [90m1 ms - 211[39m
[38;5;0m[HTTP][0m [90m[39m
[38;5;0m[HTTP][0m [37m-->[39m [37mGET[39m [37m/wd/hub/status[39m
[38;5;0m[HTTP][0m [90m{}[39m
[debug] [38;5;0m[HTTP][0m No route found for /wd/hub/status
[38;5;0m[HTTP][0m [37m<-- GET /wd/hub/status [39m[33m404[39m [90m1 ms - 211[39m
[38;5;0m[HTTP][0m [90m[39m
[38;5;0m[HTTP][0m [37m-->[39m [37mGET[39m [37m/wd/hub/status[39m
[38;5;0m[HTTP][0m [90m{}[39m
[debug] [38;5;0m[HTTP][0m No route found for /wd/hub/status
[38;5;0m[HTTP][0m [37m<-- GET /wd/hub/status [39m[33m404[39m [90m2 ms - 211[39m
[38;5;0m[HTTP][0m [90m[39m
[38;5;0m[HTTP][0m [37m-->[39m [37mGET[39m [37m/wd/hub/status[39m
[38;5;0m[HTTP][0m [90m{}[39m
[debug] [38;5;0m[HTTP][0m No route found for /wd/hub/status
[38;5;0m[HTTP][0m [37m<-- GET /wd/hub/status [39m[33m404[39m [90m1 ms - 211[39m
[38;5;0m[HTTP][0m [90m[39m
[38;5;0m[HTTP][0m [37m-->[39m [37mGET[39m [37m/wd/hub/status[39m
[38;5;0m[HTTP][0m [90m{}[39m
[debug] [38;5;0m[HTTP][0m No route found for /wd/hub/status
[38;5;0m[HTTP][0m [37m<-- GET /wd/hub/status [39m[33m404[39m [90m1 ms - 211[39m
[38;5;0m[HTTP][0m [90m[39m
[38;5;0m[HTTP][0m [37m-->[39m [37mGET[39m [37m/wd/hub/status[39m
[38;5;0m[HTTP][0m [90m{}[39m
[debug] [38;5;0m[HTTP][0m No route found for /wd/hub/status
[38;5;0m[HTTP][0m [37m<-- GET /wd/hub/status [39m[33m404[39m [90m1 ms - 211[39m
[38;5;0m[HTTP][0m [90m[39m
[38;5;0m[HTTP][0m [37m-->[39m [37mGET[39m [37m/wd/hub/status[39m
[38;5;0m[HTTP][0m [90m{}[39m
[debug] [38;5;0m[HTTP][0m No route found for /wd/hub/status
[38;5;0m[HTTP][0m [37m<-- GET /wd/hub/status [39m[33m404[39m [90m1 ms - 211[39m
[38;5;0m[HTTP][0m [90m[39m
[38;5;0m[HTTP][0m [37m-->[39m [37mGET[39m [37m/wd/hub/status[39m
[38;5;0m[HTTP][0m [90m{}[39m
[debug] [38;5;0m[HTTP][0m No route found for /wd/hub/status
[38;5;0m[HTTP][0m [37m<-- GET /wd/hub/status [39m[33m404[39m [90m1 ms - 211[39m
[38;5;0m[HTTP][0m [90m[39m
[38;5;0m[HTTP][0m [37m-->[39m [37mGET[39m [37m/wd/hub/status[39m
[38;5;0m[HTTP][0m [90m{}[39m
[debug] [38;5;0m[HTTP][0m No route found for /wd/hub/status
[38;5;0m[HTTP][0m [37m<-- GET /wd/hub/status [39m[33m404[39m [90m1 ms - 211[39m
[38;5;0m[HTTP][0m [90m[39m
[38;5;0m[HTTP][0m [37m-->[39m [37mGET[39m [37m/wd/hub/status[39m
[38;5;0m[HTTP][0m [90m{}[39m
[debug] [38;5;0m[HTTP][0m No route found for /wd/hub/status
[38;5;0m[HTTP][0m [37m<-- GET /wd/hub/status [39m[33m404[39m [90m1 ms - 211[39m
[38;5;0m[HTTP][0m [90m[39m
[38;5;0m[HTTP][0m [37m-->[39m [37mGET[39m [37m/wd/hub/status[39m
[38;5;0m[HTTP][0m [90m{}[39m
[debug] [38;5;0m[HTTP][0m No route found for /wd/hub/status
[38;5;0m[HTTP][0m [37m<-- GET /wd/hub/status [39m[33m404[39m [90m1 ms - 211[39m
[38;5;0m[HTTP][0m [90m[39m
[38;5;0m[HTTP][0m [37m-->[39m [37mGET[39m [37m/wd/hub/status[39m
[38;5;0m[HTTP][0m [90m{}[39m
[debug] [38;5;0m[HTTP][0m No route found for /wd/hub/status
[38;5;0m[HTTP][0m [37m<-- GET /wd/hub/status [39m[33m404[39m [90m1 ms - 211[39m
[38;5;0m[HTTP][0m [90m[39m
[38;5;0m[HTTP][0m [37m-->[39m [37mGET[39m [37m/wd/hub/status[39m
[38;5;0m[HTTP][0m [90m{}[39m
[debug] [38;5;0m[HTTP][0m No route found for /wd/hub/status
[38;5;0m[HTTP][0m [37m<-- GET /wd/hub/status [39m[33m404[39m [90m1 ms - 211[39m
[38;5;0m[HTTP][0m [90m[39m
[38;5;0m[HTTP][0m [37m-->[39m [37mGET[39m [37m/wd/hub/status[39m
[38;5;0m[HTTP][0m [90m{}[39m
[debug] [38;5;0m[HTTP][0m No route found for /wd/hub/status
[38;5;0m[HTTP][0m [37m<-- GET /wd/hub/status [39m[33m404[39m [90m1 ms - 211[39m
[38;5;0m[HTTP][0m [90m[39m
[38;5;0m[HTTP][0m [37m-->[39m [37mGET[39m [37m/wd/hub/status[39m
[38;5;0m[HTTP][0m [90m{}[39m
[debug] [38;5;0m[HTTP][0m No route found for /wd/hub/status
[38;5;0m[HTTP][0m [37m<-- GET /wd/hub/status [39m[33m404[39m [90m1 ms - 211[39m
[38;5;0m[HTTP][0m [90m[39m
[38;5;0m[HTTP][0m [37m-->[39m [37mGET[39m [37m/wd/hub/status[39m
[38;5;0m[HTTP][0m [90m{}[39m
[debug] [38;5;0m[HTTP][0m No route found for /wd/hub/status
[38;5;0m[HTTP][0m [37m<-- GET /wd/hub/status [39m[33m404[39m [90m1 ms - 211[39m
[38;5;0m[HTTP][0m [90m[39m
[38;5;0m[HTTP][0m [37m-->[39m [37mGET[39m [37m/wd/hub/status[39m
[38;5;0m[HTTP][0m [90m{}[39m
[debug] [38;5;0m[HTTP][0m No route found for /wd/hub/status
[38;5;0m[HTTP][0m [37m<-- GET /wd/hub/status [39m[33m404[39m [90m2 ms - 211[39m
[38;5;0m[HTTP][0m [90m[39m
[38;5;0m[HTTP][0m [37m-->[39m [37mGET[39m [37m/wd/hub/status[39m
[38;5;0m[HTTP][0m [90m{}[39m
[debug] [38;5;0m[HTTP][0m No route found for /wd/hub/status
[38;5;0m[HTTP][0m [37m<-- GET /wd/hub/status [39m[33m404[39m [90m1 ms - 211[39m
[38;5;0m[HTTP][0m [90m[39m
[38;5;0m[HTTP][0m [37m-->[39m [37mGET[39m [37m/wd/hub/status[39m
[38;5;0m[HTTP][0m [90m{}[39m
[debug] [38;5;0m[HTTP][0m No route found for /wd/hub/status
[38;5;0m[HTTP][0m [37m<-- GET /wd/hub/status [39m[33m404[39m [90m1 ms - 211[39m
[38;5;0m[HTTP][0m [90m[39m
[38;5;0m[HTTP][0m [37m-->[39m [37mGET[39m [37m/wd/hub/status[39m
[38;5;0m[HTTP][0m [90m{}[39m
[debug] [38;5;0m[HTTP][0m No route found for /wd/hub/status
[38;5;0m[HTTP][0m [37m<-- GET /wd/hub/status [39m[33m404[39m [90m1 ms - 211[39m
[38;5;0m[HTTP][0m [90m[39m
[38;5;0m[HTTP][0m [37m-->[39m [37mGET[39m [37m/wd/hub/status[39m
[38;5;0m[HTTP][0m [90m{}[39m
[debug] [38;5;0m[HTTP][0m No route found for /wd/hub/status
[38;5;0m[HTTP][0m [37m<-- GET /wd/hub/status [39m[33m404[39m [90m2 ms - 211[39m
[38;5;0m[HTTP][0m [90m[39m
[38;5;0m[HTTP][0m [37m-->[39m [37mGET[39m [37m/wd/hub/status[39m
[38;5;0m[HTTP][0m [90m{}[39m
[debug] [38;5;0m[HTTP][0m No route found for /wd/hub/status
[38;5;0m[HTTP][0m [37m<-- GET /wd/hub/status [39m[33m404[39m [90m1 ms - 211[39m
[38;5;0m[HTTP][0m [90m[39m
[38;5;0m[HTTP][0m [37m-->[39m [37mGET[39m [37m/wd/hub/status[39m
[38;5;0m[HTTP][0m [90m{}[39m
[debug] [38;5;0m[HTTP][0m No route found for /wd/hub/status
[38;5;0m[HTTP][0m [37m<-- GET /wd/hub/status [39m[33m404[39m [90m1 ms - 211[39m
[38;5;0m[HTTP][0m [90m[39m
[38;5;0m[HTTP][0m [37m-->[39m [37mGET[39m [37m/wd/hub/status[39m
[38;5;0m[HTTP][0m [90m{}[39m
[debug] [38;5;0m[HTTP][0m No route found for /wd/hub/status
[38;5;0m[HTTP][0m [37m<-- GET /wd/hub/status [39m[33m404[39m [90m1 ms - 211[39m
[38;5;0m[HTTP][0m [90m[39m
[38;5;0m[HTTP][0m [37m-->[39m [37mGET[39m [37m/wd/hub/status[39m
[38;5;0m[HTTP][0m [90m{}[39m
[debug] [38;5;0m[HTTP][0m No route found for /wd/hub/status
[38;5;0m[HTTP][0m [37m<-- GET /wd/hub/status [39m[33m404[39m [90m1 ms - 211[39m
[38;5;0m[HTTP][0m [90m[39m
[38;5;0m[HTTP][0m [37m-->[39m [37mGET[39m [37m/wd/hub/status[39m
[38;5;0m[HTTP][0m [90m{}[39m
[debug] [38;5;0m[HTTP][0m No route found for /wd/hub/status
[38;5;0m[HTTP][0m [37m<-- GET /wd/hub/status [39m[33m404[39m [90m1 ms - 211[39m
[38;5;0m[HTTP][0m [90m[39m
[38;5;0m[HTTP][0m [37m-->[39m [37mGET[39m [37m/wd/hub/status[39m
[38;5;0m[HTTP][0m [90m{}[39m
[debug] [38;5;0m[HTTP][0m No route found for /wd/hub/status
[38;5;0m[HTTP][0m [37m<-- GET /wd/hub/status [39m[33m404[39m [90m1 ms - 211[39m
[38;5;0m[HTTP][0m [90m[39m
[38;5;0m[HTTP][0m [37m-->[39m [37mGET[39m [37m/wd/hub/status[39m
[38;5;0m[HTTP][0m [90m{}[39m
[debug] [38;5;0m[HTTP][0m No route found for /wd/hub/status
[38;5;0m[HTTP][0m [37m<-- GET /wd/hub/status [39m[33m404[39m [90m1 ms - 211[39m
[38;5;0m[HTTP][0m [90m[39m
[38;5;0m[HTTP][0m [37m-->[39m [37mGET[39m [37m/wd/hub/status[39m
[38;5;0m[HTTP][0m [90m{}[39m
[debug] [38;5;0m[HTTP][0m No route found for /wd/hub/status
[38;5;0m[HTTP][0m [37m<-- GET /wd/hub/status [39m[33m404[39m [90m1 ms - 211[39m
[38;5;0m[HTTP][0m [90m[39m
[38;5;0m[HTTP][0m [37m-->[39m [37mGET[39m [37m/wd/hub/status[39m
[38;5;0m[HTTP][0m [90m{}[39m
[debug] [38;5;0m[HTTP][0m No route found for /wd/hub/status
[38;5;0m[HTTP][0m [37m<-- GET /wd/hub/status [39m[33m404[39m [90m1 ms - 211[39m
[38;5;0m[HTTP][0m [90m[39m
[38;5;0m[HTTP][0m [37m-->[39m [37mGET[39m [37m/wd/hub/status[39m
[38;5;0m[HTTP][0m [90m{}[39m
[debug] [38;5;0m[HTTP][0m No route found for /wd/hub/status
[38;5;0m[HTTP][0m [37m<-- GET /wd/hub/status [39m[33m404[39m [90m1 ms - 211[39m
[38;5;0m[HTTP][0m [90m[39m
[38;5;0m[HTTP][0m [37m-->[39m [37mGET[39m [37m/wd/hub/status[39m
[38;5;0m[HTTP][0m [90m{}[39m
[debug] [38;5;0m[HTTP][0m No route found for /wd/hub/status
[38;5;0m[HTTP][0m [37m<-- GET /wd/hub/status [39m[33m404[39m [90m1 ms - 211[39m
[38;5;0m[HTTP][0m [90m[39m
[38;5;0m[HTTP][0m [37m-->[39m [37mGET[39m [37m/wd/hub/status[39m
[38;5;0m[HTTP][0m [90m{}[39m
[debug] [38;5;0m[HTTP][0m No route found for /wd/hub/status
[38;5;0m[HTTP][0m [37m<-- GET /wd/hub/status [39m[33m404[39m [90m2 ms - 211[39m
[38;5;0m[HTTP][0m [90m[39m
[38;5;0m[HTTP][0m [37m-->[39m [37mGET[39m [37m/wd/hub/status[39m
[38;5;0m[HTTP][0m [90m{}[39m
[debug] [38;5;0m[HTTP][0m No route found for /wd/hub/status
[38;5;0m[HTTP][0m [37m<-- GET /wd/hub/status [39m[33m404[39m [90m1 ms - 211[39m
[38;5;0m[HTTP][0m [90m[39m
[38;5;0m[HTTP][0m [37m-->[39m [37mGET[39m [37m/wd/hub/status[39m
[38;5;0m[HTTP][0m [90m{}[39m
[debug] [38;5;0m[HTTP][0m No route found for /wd/hub/status
[38;5;0m[HTTP][0m [37m<-- GET /wd/hub/status [39m[33m404[39m [90m1 ms - 211[39m
[38;5;0m[HTTP][0m [90m[39m
[38;5;0m[HTTP][0m [37m-->[39m [37mGET[39m [37m/wd/hub/status[39m
[38;5;0m[HTTP][0m [90m{}[39m
[debug] [38;5;0m[HTTP][0m No route found for /wd/hub/status
[38;5;0m[HTTP][0m [37m<-- GET /wd/hub/status [39m[33m404[39m [90m1 ms - 211[39m
[38;5;0m[HTTP][0m [90m[39m
[38;5;0m[HTTP][0m [37m-->[39m [37mGET[39m [37m/wd/hub/status[39m
[38;5;0m[HTTP][0m [90m{}[39m
[debug] [38;5;0m[HTTP][0m No route found for /wd/hub/status
[38;5;0m[HTTP][0m [37m<-- GET /wd/hub/status [39m[33m404[39m [90m1 ms - 211[39m
[38;5;0m[HTTP][0m [90m[39m


at io.appium.java_client.service.local.AppiumDriverLocalService.start(AppiumDriverLocalService.java:164)
at com.TestCases.HybridTestCases.setup(HybridTestCases.java:36)
at java.base/jdk.internal.reflect.NativeMethodAccessorImpl.invoke0(Native Method)
at java.base/jdk.internal.reflect.NativeMethodAccessorImpl.invoke(NativeMethodAccessorImpl.java:77)
at java.base/jdk.internal.reflect.DelegatingMethodAccessorImpl.invoke(DelegatingMethodAccessorImpl.java:43)
at java.base/java.lang.reflect.Method.invoke(Method.java:568)
at org.testng.internal.MethodInvocationHelper.invokeMethod(MethodInvocationHelper.java:133)
at org.testng.internal.MethodInvocationHelper.invokeMethodConsideringTimeout(MethodInvocationHelper.java:62)
at org.testng.internal.ConfigInvoker.invokeConfigurationMethod(ConfigInvoker.java:385)
at org.testng.internal.ConfigInvoker.invokeConfigurations(ConfigInvoker.java:321)
at org.testng.TestRunner.invokeTestConfigurations(TestRunner.java:637)
at org.testng.TestRunner.beforeRun(TestRunner.java:627)
at org.testng.TestRunner.run(TestRunner.java:589)
at org.testng.SuiteRunner.runTest(SuiteRunner.java:377)
at org.testng.SuiteRunner.runSequentially(SuiteRunner.java:371)
at org.testng.SuiteRunner.privateRun(SuiteRunner.java:332)
at org.testng.SuiteRunner.run(SuiteRunner.java:276)
at org.testng.SuiteRunnerWorker.runSuite(SuiteRunnerWorker.java:53)
at org.testng.SuiteRunnerWorker.run(SuiteRunnerWorker.java:96)
at org.testng.TestNG.runSuitesSequentially(TestNG.java:1212)
at org.testng.TestNG.runSuitesLocally(TestNG.java:1134)
at org.testng.TestNG.runSuites(TestNG.java:1063)
at org.testng.TestNG.run(TestNG.java:1031)
at org.testng.remote.AbstractRemoteTestNG.run(AbstractRemoteTestNG.java:115)
at org.testng.remote.RemoteTestNG.initAndRun(RemoteTestNG.java:251)
at org.testng.remote.RemoteTestNG.main(RemoteTestNG.java:77)
Caused by: org.openqa.selenium.net.UrlChecker$TimeoutException: Timed out waiting for [http://127.0.0.1:4723/wd/hub/status] to be available after 120002 ms
at org.openqa.selenium.net.UrlChecker.waitUntilAvailable(UrlChecker.java:100)
at io.appium.java_client.service.local.AppiumDriverLocalService.ping(AppiumDriverLocalService.java:129)
at io.appium.java_client.service.local.AppiumDriverLocalService.start(AppiumDriverLocalService.java:151)
... 25 more
Caused by: java.util.concurrent.TimeoutException
at java.base/java.util.concurrent.FutureTask.get(FutureTask.java:204)
at com.google.common.util.concurrent.SimpleTimeLimiter.callWithTimeout(SimpleTimeLimiter.java:156)
at org.openqa.selenium.net.UrlChecker.waitUntilAvailable(UrlChecker.java:75)
... 27 more
]]>
    </error>
  </testcase> <!-- setup -->
  <system-out/>
  <testcase classname="com.TestCases.HybridTestCases" name="TS2" time="0.000">
    <skipped/>
  </testcase> <!-- TS2 -->
  <system-out/>
  <testcase classname="com.TestCases.HybridTestCases" name="TS3" time="0.000">
    <skipped/>
  </testcase> <!-- TS3 -->
  <system-out/>
  <testcase classname="com.TestCases.HybridTestCases" name="TS4" time="0.000">
    <skipped/>
  </testcase> <!-- TS4 -->
  <system-out/>
  <testcase classname="com.TestCases.HybridTestCases" name="TS5" time="0.000">
    <skipped/>
  </testcase> <!-- TS5 -->
  <system-out/>
  <testcase classname="com.TestCases.HybridTestCases" name="TS6" time="0.000">
    <skipped/>
  </testcase> <!-- TS6 -->
  <system-out/>
  <testcase classname="com.TestCases.HybridTestCases" name="TS7" time="0.000">
    <skipped/>
  </testcase> <!-- TS7 -->
  <system-out/>
  <testcase classname="com.TestCases.HybridTestCases" name="TS8" time="0.000">
    <skipped/>
  </testcase> <!-- TS8 -->
  <system-out/>
  <testcase classname="com.TestCases.HybridTestCases" name="TS9" time="0.000">
    <skipped/>
  </testcase> <!-- TS9 -->
  <system-out/>
  <testcase classname="com.TestCases.HybridTestCases" name="TS10" time="0.000">
    <skipped/>
  </testcase> <!-- TS10 -->
  <system-out/>
  <testcase classname="com.TestCases.HybridTestCases" name="login">
    <skipped/>
  </testcase> <!-- login -->
  <system-out/>
</testsuite> <!-- com.TestCases.HybridTestCases -->
